0 verbose cli /usr/local/bin/node /usr/local/bin/npm
1 info using npm@9.6.7
2 info using node@v20.3.0
3 timing npm:load:whichnode Completed in 1ms
4 timing config:load:defaults Completed in 2ms
5 timing config:load:file:/usr/local/lib/node_modules/npm/npmrc Completed in 0ms
6 timing config:load:builtin Completed in 0ms
7 timing config:load:cli Completed in 2ms
8 timing config:load:env Completed in 1ms
9 timing config:load:file:/Users/johndeans/Documents/whiteboard/.npmrc Completed in 0ms
10 timing config:load:project Completed in 0ms
11 timing config:load:file:/Users/johndeans/.npmrc Completed in 0ms
12 timing config:load:user Completed in 0ms
13 timing config:load:file:/Users/johndeans/Documents/whiteboard/etc/npmrc Completed in 0ms
14 timing config:load:global Completed in 1ms
15 timing config:load:setEnvs Completed in 0ms
16 timing config:load Completed in 6ms
17 timing npm:load:configload Completed in 6ms
18 timing npm:load:mkdirpcache Completed in 1ms
19 timing npm:load:mkdirplogs Completed in 0ms
20 verbose title npm install
21 verbose argv "install" "--prefix" "/Users/johndeans/Documents/whiteboard" "--cache" "/Users/johndeans/Documents/whiteboard/.npm-cache" "--no-audit" "--no-fund"
22 timing npm:load:setTitle Completed in 27ms
23 timing config:load:flatten Completed in 4ms
24 timing npm:load:display Completed in 8ms
25 verbose logfile logs-max:10 dir:/Users/johndeans/Documents/whiteboard/.npm-cache/_logs/2026-06-23T13_43_23_883Z-
26 verbose logfile /Users/johndeans/Documents/whiteboard/.npm-cache/_logs/2026-06-23T13_43_23_883Z-debug-0.log
27 timing npm:load:logFile Completed in 12ms
28 timing npm:load:timers Completed in 0ms
29 timing npm:load:configScope Completed in 0ms
30 timing npm:load Completed in 55ms
31 timing arborist:ctor Completed in 4ms
32 silly logfile done cleaning log files
33 timing arborist:ctor Completed in 0ms
34 timing idealTree:init Completed in 14ms
35 timing idealTree:userRequests Completed in 0ms
36 silly idealTree buildDeps
37 silly fetch manifest @dnd-kit/core@^6.1.0
38 http fetch GET 200 https://registry.npmjs.org/@dnd-kit%2fcore 117ms (cache miss)
39 silly fetch manifest react@^18.3.1
40 http fetch GET 200 https://registry.npmjs.org/npm 206ms (cache miss)
41 http fetch GET 200 https://registry.npmjs.org/react 116ms (cache miss)
42 silly fetch manifest react-dom@^18.3.1
43 http fetch GET 200 https://registry.npmjs.org/react-dom 126ms (cache miss)
44 silly fetch manifest @dnd-kit/sortable@^8.0.0
45 http fetch GET 200 https://registry.npmjs.org/@dnd-kit%2fsortable 47ms (cache miss)
46 silly fetch manifest @dnd-kit/utilities@^3.2.2
47 http fetch GET 200 https://registry.npmjs.org/@dnd-kit%2futilities 114ms (cache miss)
48 silly fetch manifest opentype.js@^1.3.4
49 http fetch GET 200 https://registry.npmjs.org/opentype.js 29ms (cache miss)
50 silly fetch manifest simplify-js@^1.2.4
51 http fetch GET 200 https://registry.npmjs.org/simplify-js 30ms (cache miss)
52 silly fetch manifest zod@^3.23.8
53 http fetch GET 200 https://registry.npmjs.org/zod 62ms (cache miss)
54 silly fetch manifest zundo@^2.1.0
55 http fetch GET 200 https://registry.npmjs.org/zundo 36ms (cache miss)
56 silly fetch manifest zustand@^4.5.5
57 http fetch GET 200 https://registry.npmjs.org/zustand 41ms (cache miss)
58 silly fetch manifest @types/react@^18.3.12
59 http fetch GET 200 https://registry.npmjs.org/@types%2freact 72ms (cache miss)
60 silly fetch manifest immer@>=9.0.6
61 http fetch GET 200 https://registry.npmjs.org/immer 46ms (cache miss)
62 silly fetch manifest @types/node@^20.14.0
63 http fetch GET 200 https://registry.npmjs.org/@types%2fnode 124ms (cache miss)
64 silly fetch manifest @types/opentype.js@^1.3.8
65 http fetch GET 200 https://registry.npmjs.org/@types%2fopentype.js 42ms (cache miss)
66 silly fetch manifest @types/react-dom@^18.3.1
67 http fetch GET 200 https://registry.npmjs.org/@types%2freact-dom 41ms (cache miss)
68 silly fetch manifest @vitejs/plugin-react@^4.3.4
69 http fetch GET 200 https://registry.npmjs.org/@vitejs%2fplugin-react 42ms (cache miss)
70 silly fetch manifest vite@^5.4.11
71 http fetch GET 200 https://registry.npmjs.org/vite 92ms (cache miss)
72 silly fetch manifest less@*
73 http fetch GET 200 https://registry.npmjs.org/less 35ms (cache miss)
74 silly fetch manifest lightningcss@^1.21.0
75 http fetch GET 200 https://registry.npmjs.org/lightningcss 31ms (cache miss)
76 silly fetch manifest sass@*
77 http fetch GET 200 https://registry.npmjs.org/sass 47ms (cache miss)
78 silly fetch manifest sass-embedded@*
79 http fetch GET 200 https://registry.npmjs.org/sass-embedded 35ms (cache miss)
80 silly fetch manifest stylus@*
81 http fetch GET 200 https://registry.npmjs.org/stylus 31ms (cache miss)
82 silly fetch manifest sugarss@*
83 http fetch GET 200 https://registry.npmjs.org/sugarss 31ms (cache miss)
84 silly fetch manifest postcss@^8.3.3
85 http fetch GET 200 https://registry.npmjs.org/postcss 36ms (cache miss)
86 silly fetch manifest terser@^5.4.0
87 http fetch GET 200 https://registry.npmjs.org/terser 44ms (cache miss)
88 silly fetch manifest typescript@^5.6.3
89 http fetch GET 200 https://registry.npmjs.org/typescript 174ms (cache miss)
90 silly placeDep ROOT @dnd-kit/core@6.3.1 OK for: font-animator@0.1.0 want: ^6.1.0
91 silly placeDep ROOT react@18.3.1 OK for: @dnd-kit/core@6.3.1 want: >=16.8.0
92 silly placeDep ROOT react-dom@18.3.1 OK for: @dnd-kit/core@6.3.1 want: >=16.8.0
93 silly fetch manifest tslib@^2.0.0
94 silly fetch manifest @dnd-kit/accessibility@^3.1.1
95 silly fetch manifest scheduler@^0.23.2
96 silly fetch manifest loose-envify@^1.1.0
97 silly placeDep ROOT @dnd-kit/sortable@8.0.0 OK for: font-animator@0.1.0 want: ^8.0.0
98 silly placeDep ROOT @dnd-kit/utilities@3.2.2 OK for: font-animator@0.1.0 want: ^3.2.2
99 silly placeDep ROOT @types/node@20.19.43 OK for: font-animator@0.1.0 want: ^20.14.0
100 silly fetch manifest undici-types@~6.21.0
101 silly placeDep ROOT @types/opentype.js@1.3.10 OK for: font-animator@0.1.0 want: ^1.3.8
102 silly placeDep ROOT @types/react@18.3.31 OK for: font-animator@0.1.0 want: ^18.3.12
103 silly fetch manifest csstype@^3.2.2
104 silly fetch manifest @types/prop-types@*
105 silly placeDep ROOT @types/react-dom@18.3.7 OK for: font-animator@0.1.0 want: ^18.3.1
106 silly placeDep ROOT @vitejs/plugin-react@4.7.0 OK for: font-animator@0.1.0 want: ^4.3.4
107 silly placeDep ROOT vite@5.4.21 OK for: @vitejs/plugin-react@4.7.0 want: ^4.2.0 || ^5.0.0 || ^6.0.0 || ^7.0.0
108 silly fetch manifest @babel/core@^7.28.0
109 silly fetch manifest react-refresh@^0.17.0
110 silly fetch manifest @types/babel__core@^7.20.5
111 silly fetch manifest @rolldown/pluginutils@1.0.0-beta.27
112 silly fetch manifest @babel/plugin-transform-react-jsx-self@^7.27.1
113 silly fetch manifest @babel/plugin-transform-react-jsx-source@^7.27.1
114 silly fetch manifest rollup@^4.20.0
115 silly fetch manifest esbuild@^0.21.3
116 silly fetch manifest postcss@^8.4.43
117 silly fetch manifest fsevents@~2.3.3
118 silly placeDep ROOT opentype.js@1.3.4 OK for: font-animator@0.1.0 want: ^1.3.4
119 silly fetch manifest tiny-inflate@^1.0.3
120 silly fetch manifest string.prototype.codepointat@^0.2.1
121 silly placeDep ROOT simplify-js@1.2.4 OK for: font-animator@0.1.0 want: ^1.2.4
122 silly placeDep ROOT typescript@5.9.3 OK for: font-animator@0.1.0 want: ^5.6.3
123 silly placeDep ROOT zod@3.25.76 OK for: font-animator@0.1.0 want: ^3.23.8
124 silly placeDep ROOT zundo@2.3.0 OK for: font-animator@0.1.0 want: ^2.1.0
125 silly placeDep ROOT zustand@4.5.7 OK for: zundo@2.3.0 want: ^4.3.0 || ^5.0.0
126 silly fetch manifest use-sync-external-store@^1.2.2
127 http fetch GET 200 https://registry.npmjs.org/tslib 76ms (cache miss)
128 http fetch GET 200 https://registry.npmjs.org/@dnd-kit%2faccessibility 77ms (cache miss)
129 http fetch GET 200 https://registry.npmjs.org/fsevents 77ms (cache miss)
130 http fetch GET 200 https://registry.npmjs.org/tiny-inflate 84ms (cache miss)
131 http fetch GET 200 https://registry.npmjs.org/loose-envify 104ms (cache miss)
132 http fetch GET 200 https://registry.npmjs.org/undici-types 102ms (cache miss)
133 http fetch GET 200 https://registry.npmjs.org/@types%2fprop-types 131ms (cache miss)
134 http fetch GET 200 https://registry.npmjs.org/@types%2fbabel__core 130ms (cache miss)
135 http fetch GET 200 https://registry.npmjs.org/@babel%2fplugin-transform-react-jsx-self 133ms (cache miss)
136 http fetch GET 200 https://registry.npmjs.org/@babel%2fplugin-transform-react-jsx-source 135ms (cache miss)
137 http fetch GET 200 https://registry.npmjs.org/csstype 151ms (cache miss)
138 http fetch GET 200 https://registry.npmjs.org/@rolldown%2fpluginutils 146ms (cache miss)
139 http fetch GET 200 https://registry.npmjs.org/@babel%2fcore 157ms (cache miss)
140 http fetch GET 200 https://registry.npmjs.org/esbuild 223ms (cache miss)
141 http fetch GET 200 https://registry.npmjs.org/rollup 231ms (cache miss)
142 http fetch GET 200 https://registry.npmjs.org/string.prototype.codepointat 268ms (cache miss)
143 http fetch GET 200 https://registry.npmjs.org/use-sync-external-store 301ms (cache miss)
144 http fetch GET 200 https://registry.npmjs.org/react-refresh 330ms (cache miss)
145 http fetch GET 200 https://registry.npmjs.org/scheduler 422ms (cache miss)
146 timing idealTree:#root Completed in 2413ms
147 silly fetch manifest react@>=16.8.0
148 silly placeDep ROOT @dnd-kit/accessibility@3.1.1 OK for: @dnd-kit/core@6.3.1 want: ^3.1.1
149 silly placeDep ROOT tslib@2.8.1 OK for: @dnd-kit/core@6.3.1 want: ^2.0.0
150 timing idealTree:node_modules/@dnd-kit/core Completed in 4ms
151 timing idealTree:node_modules/@dnd-kit/accessibility Completed in 0ms
152 timing idealTree:node_modules/@dnd-kit/sortable Completed in 0ms
153 timing idealTree:node_modules/@dnd-kit/utilities Completed in 0ms
154 silly placeDep ROOT undici-types@6.21.0 OK for: @types/node@20.19.43 want: ~6.21.0
155 timing idealTree:node_modules/@types/node Completed in 2ms
156 timing idealTree:node_modules/@types/opentype.js Completed in 0ms
157 silly placeDep ROOT @types/prop-types@15.7.15 OK for: @types/react@18.3.31 want: *
158 silly placeDep ROOT csstype@3.2.3 OK for: @types/react@18.3.31 want: ^3.2.2
159 timing idealTree:node_modules/@types/react Completed in 2ms
160 timing idealTree:node_modules/@types/prop-types Completed in 0ms
161 timing idealTree:node_modules/@types/react-dom Completed in 0ms
162 silly placeDep ROOT @babel/core@7.29.7 OK for: @vitejs/plugin-react@4.7.0 want: ^7.28.0
163 silly fetch manifest debug@^4.1.0
164 silly fetch manifest json5@^2.2.3
165 silly fetch manifest semver@^6.3.1
166 silly fetch manifest gensync@^1.0.0-beta.2
167 silly fetch manifest @babel/types@^7.29.7
168 silly fetch manifest @babel/parser@^7.29.7
169 silly fetch manifest @babel/helpers@^7.29.7
170 silly fetch manifest @babel/template@^7.29.7
171 silly fetch manifest @babel/traverse@^7.29.7
172 silly fetch manifest @babel/generator@^7.29.7
173 silly fetch manifest @babel/code-frame@^7.29.7
174 silly fetch manifest convert-source-map@^2.0.0
175 silly fetch manifest @jridgewell/remapping@^2.3.5
176 silly fetch manifest @babel/helper-module-transforms@^7.29.7
177 silly fetch manifest @babel/helper-compilation-targets@^7.29.7
178 silly placeDep ROOT @babel/plugin-transform-react-jsx-self@7.29.7 OK for: @vitejs/plugin-react@4.7.0 want: ^7.27.1
179 silly fetch manifest @babel/helper-plugin-utils@^7.29.7
180 silly placeDep ROOT @babel/plugin-transform-react-jsx-source@7.29.7 OK for: @vitejs/plugin-react@4.7.0 want: ^7.27.1
181 silly placeDep ROOT @rolldown/pluginutils@1.0.0-beta.27 OK for: @vitejs/plugin-react@4.7.0 want: 1.0.0-beta.27
182 silly placeDep ROOT @types/babel__core@7.20.5 OK for: @vitejs/plugin-react@4.7.0 want: ^7.20.5
183 silly fetch manifest @babel/types@^7.20.7
184 silly fetch manifest @babel/parser@^7.20.7
185 silly fetch manifest @types/babel__template@*
186 silly fetch manifest @types/babel__traverse@*
187 silly fetch manifest @types/babel__generator@*
188 silly placeDep ROOT react-refresh@0.17.0 OK for: @vitejs/plugin-react@4.7.0 want: ^0.17.0
189 http fetch GET 200 https://registry.npmjs.org/json5 54ms (cache miss)
190 http fetch GET 200 https://registry.npmjs.org/gensync 55ms (cache miss)
191 http fetch GET 200 https://registry.npmjs.org/debug 57ms (cache miss)
192 http fetch GET 200 https://registry.npmjs.org/semver 56ms (cache miss)
193 http fetch GET 200 https://registry.npmjs.org/convert-source-map 60ms (cache miss)
194 http fetch GET 200 https://registry.npmjs.org/@babel%2ftemplate 73ms (cache miss)
195 http fetch GET 200 https://registry.npmjs.org/@jridgewell%2fremapping 72ms (cache miss)
196 http fetch GET 200 https://registry.npmjs.org/@babel%2fcode-frame 76ms (cache miss)
197 http fetch GET 200 https://registry.npmjs.org/@babel%2fhelper-compilation-targets 78ms (cache miss)
198 http fetch GET 200 https://registry.npmjs.org/@babel%2fhelper-module-transforms 86ms (cache miss)
199 http fetch GET 200 https://registry.npmjs.org/@babel%2ftraverse 92ms (cache miss)
200 http fetch GET 200 https://registry.npmjs.org/@babel%2fparser 100ms (cache miss)
201 http fetch GET 200 https://registry.npmjs.org/@types%2fbabel__template 100ms (cache miss)
202 http fetch GET 200 https://registry.npmjs.org/@babel%2ftypes 116ms (cache miss)
203 http fetch GET 200 https://registry.npmjs.org/@babel%2fhelper-plugin-utils 113ms (cache miss)
204 http fetch GET 200 https://registry.npmjs.org/@types%2fbabel__generator 111ms (cache miss)
205 http fetch GET 200 https://registry.npmjs.org/@babel%2ftypes 116ms (cache miss)
206 http fetch GET 200 https://registry.npmjs.org/@types%2fbabel__traverse 114ms (cache miss)
207 http fetch GET 200 https://registry.npmjs.org/@babel%2fgenerator 127ms (cache miss)
208 http fetch GET 200 https://registry.npmjs.org/@babel%2fparser 122ms (cache miss)
209 http fetch GET 200 https://registry.npmjs.org/@babel%2fhelpers 140ms (cache miss)
210 timing idealTree:node_modules/@vitejs/plugin-react Completed in 150ms
211 silly fetch manifest @babel/core@^7.0.0
212 silly placeDep ROOT @babel/code-frame@7.29.7 OK for: @babel/core@7.29.7 want: ^7.29.7
213 silly fetch manifest js-tokens@^4.0.0
214 silly fetch manifest picocolors@^1.1.1
215 silly fetch manifest @babel/helper-validator-identifier@^7.29.7
216 silly placeDep ROOT @babel/generator@7.29.7 OK for: @babel/core@7.29.7 want: ^7.29.7
217 silly fetch manifest jsesc@^3.0.2
218 silly fetch manifest @jridgewell/gen-mapping@^0.3.12
219 silly fetch manifest @jridgewell/trace-mapping@^0.3.28
220 silly placeDep ROOT @babel/helper-compilation-targets@7.29.7 OK for: @babel/core@7.29.7 want: ^7.29.7
221 silly fetch manifest lru-cache@^5.1.1
222 silly fetch manifest browserslist@^4.24.0
223 silly fetch manifest @babel/compat-data@^7.29.7
224 silly fetch manifest @babel/helper-validator-option@^7.29.7
225 silly placeDep ROOT @babel/helper-module-transforms@7.29.7 OK for: @babel/core@7.29.7 want: ^7.29.7
226 silly fetch manifest @babel/helper-module-imports@^7.29.7
227 silly placeDep ROOT @babel/helpers@7.29.7 OK for: @babel/core@7.29.7 want: ^7.29.7
228 silly placeDep ROOT @babel/parser@7.29.7 OK for: @babel/core@7.29.7 want: ^7.29.7
229 silly placeDep ROOT @babel/template@7.29.7 OK for: @babel/core@7.29.7 want: ^7.29.7
230 silly placeDep ROOT @babel/traverse@7.29.7 OK for: @babel/core@7.29.7 want: ^7.29.7
231 silly fetch manifest debug@^4.3.1
232 silly fetch manifest @babel/helper-globals@^7.29.7
233 silly placeDep ROOT @babel/types@7.29.7 OK for: @babel/core@7.29.7 want: ^7.29.7
234 silly fetch manifest @babel/helper-string-parser@^7.29.7
235 silly placeDep ROOT @jridgewell/remapping@2.3.5 OK for: @babel/core@7.29.7 want: ^2.3.5
236 silly fetch manifest @jridgewell/gen-mapping@^0.3.5
237 silly fetch manifest @jridgewell/trace-mapping@^0.3.24
238 silly placeDep ROOT convert-source-map@2.0.0 OK for: @babel/core@7.29.7 want: ^2.0.0
239 silly placeDep ROOT debug@4.4.3 OK for: @babel/core@7.29.7 want: ^4.1.0
240 silly fetch manifest ms@^2.1.3
241 silly placeDep ROOT gensync@1.0.0-beta.2 OK for: @babel/core@7.29.7 want: ^1.0.0-beta.2
242 silly placeDep ROOT json5@2.2.3 OK for: @babel/core@7.29.7 want: ^2.2.3
243 silly placeDep ROOT semver@6.3.1 OK for: @babel/core@7.29.7 want: ^6.3.1
244 http fetch GET 200 https://registry.npmjs.org/js-tokens 49ms (cache miss)
245 http fetch GET 200 https://registry.npmjs.org/jsesc 48ms (cache miss)
246 http fetch GET 200 https://registry.npmjs.org/picocolors 54ms (cache miss)
247 http fetch GET 200 https://registry.npmjs.org/lru-cache 75ms (cache miss)
248 http fetch GET 200 https://registry.npmjs.org/@babel%2fhelper-validator-option 75ms (cache miss)
249 http fetch GET 200 https://registry.npmjs.org/@babel%2fhelper-globals 72ms (cache miss)
250 http fetch GET 200 https://registry.npmjs.org/@babel%2fhelper-validator-identifier 86ms (cache miss)
251 http fetch GET 200 https://registry.npmjs.org/@babel%2fhelper-string-parser 75ms (cache miss)
252 http fetch GET 200 https://registry.npmjs.org/@jridgewell%2fgen-mapping 75ms (cache miss)
253 http fetch GET 200 https://registry.npmjs.org/@jridgewell%2fgen-mapping 89ms (cache miss)
254 http fetch GET 200 https://registry.npmjs.org/@jridgewell%2ftrace-mapping 75ms (cache miss)
255 http fetch GET 200 https://registry.npmjs.org/@jridgewell%2ftrace-mapping 90ms (cache miss)
256 http fetch GET 200 https://registry.npmjs.org/ms 75ms (cache miss)
257 http fetch GET 200 https://registry.npmjs.org/@babel%2fhelper-module-imports 84ms (cache miss)
258 http fetch GET 200 https://registry.npmjs.org/@babel%2fcompat-data 90ms (cache miss)
259 http fetch GET 200 https://registry.npmjs.org/browserslist 92ms (cache miss)
260 timing idealTree:node_modules/@babel/core Completed in 111ms
261 silly placeDep ROOT @babel/helper-validator-identifier@7.29.7 OK for: @babel/code-frame@7.29.7 want: ^7.29.7
262 silly placeDep ROOT js-tokens@4.0.0 OK for: @babel/code-frame@7.29.7 want: ^4.0.0
263 silly placeDep ROOT picocolors@1.1.1 OK for: @babel/code-frame@7.29.7 want: ^1.1.1
264 timing idealTree:node_modules/@babel/code-frame Completed in 3ms
265 silly placeDep ROOT @jridgewell/gen-mapping@0.3.13 OK for: @babel/generator@7.29.7 want: ^0.3.12
266 silly fetch manifest @jridgewell/sourcemap-codec@^1.5.0
267 silly placeDep ROOT @jridgewell/trace-mapping@0.3.31 OK for: @babel/generator@7.29.7 want: ^0.3.28
268 silly fetch manifest @jridgewell/resolve-uri@^3.1.0
269 silly fetch manifest @jridgewell/sourcemap-codec@^1.4.14
270 silly placeDep ROOT jsesc@3.1.0 OK for: @babel/generator@7.29.7 want: ^3.0.2
271 http fetch GET 200 https://registry.npmjs.org/@jridgewell%2fsourcemap-codec 50ms (cache miss)
272 http fetch GET 200 https://registry.npmjs.org/@jridgewell%2fresolve-uri 51ms (cache miss)
273 http fetch GET 200 https://registry.npmjs.org/@jridgewell%2fsourcemap-codec 59ms (cache miss)
274 timing idealTree:node_modules/@babel/generator Completed in 61ms
275 silly placeDep ROOT @babel/compat-data@7.29.7 OK for: @babel/helper-compilation-targets@7.29.7 want: ^7.29.7
276 silly placeDep ROOT @babel/helper-validator-option@7.29.7 OK for: @babel/helper-compilation-targets@7.29.7 want: ^7.29.7
277 silly placeDep ROOT browserslist@4.28.4 OK for: @babel/helper-compilation-targets@7.29.7 want: ^4.24.0
278 silly fetch manifest caniuse-lite@^1.0.30001799
279 silly fetch manifest node-releases@^2.0.48
280 silly fetch manifest electron-to-chromium@^1.5.376
281 silly fetch manifest update-browserslist-db@^1.2.3
282 silly fetch manifest baseline-browser-mapping@^2.10.38
283 silly placeDep ROOT lru-cache@5.1.1 OK for: @babel/helper-compilation-targets@7.29.7 want: ^5.1.1
284 silly fetch manifest yallist@^3.0.2
285 http fetch GET 200 https://registry.npmjs.org/yallist 36ms (cache miss)
286 http fetch GET 200 https://registry.npmjs.org/update-browserslist-db 39ms (cache miss)
287 http fetch GET 200 https://registry.npmjs.org/baseline-browser-mapping 39ms (cache miss)
288 http fetch GET 200 https://registry.npmjs.org/node-releases 43ms (cache miss)
289 http fetch GET 200 https://registry.npmjs.org/caniuse-lite 128ms (cache miss)
290 http fetch GET 200 https://registry.npmjs.org/electron-to-chromium 147ms (cache miss)
291 timing idealTree:node_modules/@babel/helper-compilation-targets Completed in 171ms
292 timing idealTree:node_modules/@babel/compat-data Completed in 0ms
293 silly placeDep ROOT @babel/helper-module-imports@7.29.7 OK for: @babel/helper-module-transforms@7.29.7 want: ^7.29.7
294 timing idealTree:node_modules/@babel/helper-module-transforms Completed in 2ms
295 timing idealTree:node_modules/@babel/helper-module-imports Completed in 0ms
296 timing idealTree:node_modules/@babel/helper-validator-identifier Completed in 0ms
297 timing idealTree:node_modules/@babel/helper-validator-option Completed in 1ms
298 timing idealTree:node_modules/@babel/helpers Completed in 0ms
299 timing idealTree:node_modules/@babel/parser Completed in 0ms
300 silly placeDep ROOT @babel/helper-plugin-utils@7.29.7 OK for: @babel/plugin-transform-react-jsx-self@7.29.7 want: ^7.29.7
301 timing idealTree:node_modules/@babel/plugin-transform-react-jsx-self Completed in 1ms
302 timing idealTree:node_modules/@babel/helper-plugin-utils Completed in 0ms
303 timing idealTree:node_modules/@babel/plugin-transform-react-jsx-source Completed in 0ms
304 timing idealTree:node_modules/@babel/template Completed in 0ms
305 silly placeDep ROOT @babel/helper-globals@7.29.7 OK for: @babel/traverse@7.29.7 want: ^7.29.7
306 timing idealTree:node_modules/@babel/traverse Completed in 1ms
307 timing idealTree:node_modules/@babel/helper-globals Completed in 0ms
308 silly placeDep ROOT @babel/helper-string-parser@7.29.7 OK for: @babel/types@7.29.7 want: ^7.29.7
309 timing idealTree:node_modules/@babel/types Completed in 1ms
310 timing idealTree:node_modules/@babel/helper-string-parser Completed in 0ms
311 silly placeDep ROOT @jridgewell/sourcemap-codec@1.5.5 OK for: @jridgewell/gen-mapping@0.3.13 want: ^1.5.0
312 timing idealTree:node_modules/@jridgewell/gen-mapping Completed in 1ms
313 timing idealTree:node_modules/@jridgewell/remapping Completed in 0ms
314 timing idealTree:node_modules/@jridgewell/sourcemap-codec Completed in 0ms
315 silly placeDep ROOT @jridgewell/resolve-uri@3.1.2 OK for: @jridgewell/trace-mapping@0.3.31 want: ^3.1.0
316 timing idealTree:node_modules/@jridgewell/trace-mapping Completed in 1ms
317 timing idealTree:node_modules/@jridgewell/resolve-uri Completed in 0ms
318 timing idealTree:node_modules/@rolldown/pluginutils Completed in 0ms
319 silly placeDep ROOT @types/babel__generator@7.27.0 OK for: @types/babel__core@7.20.5 want: *
320 silly placeDep ROOT @types/babel__template@7.4.4 OK for: @types/babel__core@7.20.5 want: *
321 silly placeDep ROOT @types/babel__traverse@7.28.0 OK for: @types/babel__core@7.20.5 want: *
322 timing idealTree:node_modules/@types/babel__core Completed in 5ms
323 timing idealTree:node_modules/@types/babel__generator Completed in 0ms
324 timing idealTree:node_modules/@types/babel__template Completed in 0ms
325 timing idealTree:node_modules/@types/babel__traverse Completed in 0ms
326 silly fetch manifest browserslist@>= 4.21.0
327 silly placeDep ROOT baseline-browser-mapping@2.10.38 OK for: browserslist@4.28.4 want: ^2.10.38
328 silly placeDep ROOT caniuse-lite@1.0.30001799 OK for: browserslist@4.28.4 want: ^1.0.30001799
329 silly placeDep ROOT electron-to-chromium@1.5.377 OK for: browserslist@4.28.4 want: ^1.5.376
330 silly placeDep ROOT node-releases@2.0.48 OK for: browserslist@4.28.4 want: ^2.0.48
331 silly placeDep ROOT update-browserslist-db@1.2.3 OK for: browserslist@4.28.4 want: ^1.2.3
332 silly fetch manifest escalade@^3.2.0
333 http fetch GET 200 https://registry.npmjs.org/escalade 30ms (cache miss)
334 timing idealTree:node_modules/browserslist Completed in 39ms
335 timing idealTree:node_modules/baseline-browser-mapping Completed in 0ms
336 timing idealTree:node_modules/caniuse-lite Completed in 0ms
337 timing idealTree:node_modules/convert-source-map Completed in 0ms
338 timing idealTree:node_modules/csstype Completed in 0ms
339 silly placeDep ROOT ms@2.1.3 OK for: debug@4.4.3 want: ^2.1.3
340 timing idealTree:node_modules/debug Completed in 1ms
341 timing idealTree:node_modules/electron-to-chromium Completed in 0ms
342 timing idealTree:node_modules/gensync Completed in 0ms
343 timing idealTree:node_modules/js-tokens Completed in 0ms
344 timing idealTree:node_modules/jsesc Completed in 0ms
345 timing idealTree:node_modules/json5 Completed in 0ms
346 silly placeDep ROOT yallist@3.1.1 OK for: lru-cache@5.1.1 want: ^3.0.2
347 timing idealTree:node_modules/lru-cache Completed in 1ms
348 timing idealTree:node_modules/ms Completed in 0ms
349 timing idealTree:node_modules/node-releases Completed in 0ms
350 silly placeDep ROOT string.prototype.codepointat@0.2.1 OK for: opentype.js@1.3.4 want: ^0.2.1
351 silly placeDep ROOT tiny-inflate@1.0.3 OK for: opentype.js@1.3.4 want: ^1.0.3
352 timing idealTree:node_modules/opentype.js Completed in 1ms
353 timing idealTree:node_modules/picocolors Completed in 0ms
354 silly placeDep ROOT loose-envify@1.4.0 OK for: react@18.3.1 want: ^1.1.0
355 timing idealTree:node_modules/react Completed in 2ms
356 timing idealTree:node_modules/loose-envify Completed in 0ms
357 silly placeDep ROOT scheduler@0.23.2 OK for: react-dom@18.3.1 want: ^0.23.2
358 timing idealTree:node_modules/react-dom Completed in 1ms
359 timing idealTree:node_modules/react-refresh Completed in 0ms
360 timing idealTree:node_modules/scheduler Completed in 0ms
361 timing idealTree:node_modules/semver Completed in 0ms
362 timing idealTree:node_modules/simplify-js Completed in 0ms
363 timing idealTree:node_modules/string.prototype.codepointat Completed in 0ms
364 timing idealTree:node_modules/tiny-inflate Completed in 0ms
365 timing idealTree:node_modules/tslib Completed in 0ms
366 timing idealTree:node_modules/typescript Completed in 0ms
367 timing idealTree:node_modules/undici-types Completed in 0ms
368 silly placeDep ROOT escalade@3.2.0 OK for: update-browserslist-db@1.2.3 want: ^3.2.0
369 timing idealTree:node_modules/update-browserslist-db Completed in 1ms
370 timing idealTree:node_modules/escalade Completed in 0ms
371 silly placeDep ROOT esbuild@0.21.5 OK for: vite@5.4.21 want: ^0.21.3
372 silly fetch manifest @esbuild/aix-ppc64@0.21.5
373 silly fetch manifest @esbuild/linux-arm@0.21.5
374 silly fetch manifest @esbuild/linux-x64@0.21.5
375 silly fetch manifest @esbuild/sunos-x64@0.21.5
376 silly fetch manifest @esbuild/win32-x64@0.21.5
377 silly fetch manifest @esbuild/darwin-x64@0.21.5
378 silly fetch manifest @esbuild/linux-ia32@0.21.5
379 silly fetch manifest @esbuild/netbsd-x64@0.21.5
380 silly fetch manifest @esbuild/win32-ia32@0.21.5
381 silly fetch manifest @esbuild/android-arm@0.21.5
382 silly fetch manifest @esbuild/android-x64@0.21.5
383 silly fetch manifest @esbuild/freebsd-x64@0.21.5
384 silly fetch manifest @esbuild/linux-arm64@0.21.5
385 silly fetch manifest @esbuild/linux-ppc64@0.21.5
386 silly fetch manifest @esbuild/linux-s390x@0.21.5
387 silly fetch manifest @esbuild/openbsd-x64@0.21.5
388 silly fetch manifest @esbuild/win32-arm64@0.21.5
389 silly fetch manifest @esbuild/darwin-arm64@0.21.5
390 silly fetch manifest @esbuild/android-arm64@0.21.5
391 silly fetch manifest @esbuild/freebsd-arm64@0.21.5
392 silly fetch manifest @esbuild/linux-loong64@0.21.5
393 silly fetch manifest @esbuild/linux-riscv64@0.21.5
394 silly fetch manifest @esbuild/linux-mips64el@0.21.5
395 silly placeDep ROOT fsevents@2.3.3 OK for: vite@5.4.21 want: ~2.3.3
396 silly placeDep ROOT postcss@8.5.15 OK for: vite@5.4.21 want: ^8.4.43
397 silly fetch manifest nanoid@^3.3.12
398 silly fetch manifest source-map-js@^1.2.1
399 silly placeDep ROOT rollup@4.62.2 OK for: vite@5.4.21 want: ^4.20.0
400 silly fetch manifest @types/estree@1.0.9
401 silly fetch manifest @rollup/rollup-darwin-arm64@4.62.2
402 silly fetch manifest @rollup/rollup-android-arm64@4.62.2
403 silly fetch manifest @rollup/rollup-win32-arm64-msvc@4.62.2
404 silly fetch manifest @rollup/rollup-freebsd-arm64@4.62.2
405 silly fetch manifest @rollup/rollup-linux-arm64-gnu@4.62.2
406 silly fetch manifest @rollup/rollup-linux-arm64-musl@4.62.2
407 silly fetch manifest @rollup/rollup-android-arm-eabi@4.62.2
408 silly fetch manifest @rollup/rollup-linux-arm-gnueabihf@4.62.2
409 silly fetch manifest @rollup/rollup-linux-arm-musleabihf@4.62.2
410 silly fetch manifest @rollup/rollup-win32-ia32-msvc@4.62.2
411 silly fetch manifest @rollup/rollup-linux-loong64-gnu@4.62.2
412 silly fetch manifest @rollup/rollup-linux-loong64-musl@4.62.2
413 silly fetch manifest @rollup/rollup-linux-riscv64-gnu@4.62.2
414 silly fetch manifest @rollup/rollup-linux-riscv64-musl@4.62.2
415 silly fetch manifest @rollup/rollup-linux-ppc64-gnu@4.62.2
416 silly fetch manifest @rollup/rollup-linux-ppc64-musl@4.62.2
417 silly fetch manifest @rollup/rollup-linux-s390x-gnu@4.62.2
418 silly fetch manifest @rollup/rollup-darwin-x64@4.62.2
419 silly fetch manifest @rollup/rollup-win32-x64-gnu@4.62.2
420 silly fetch manifest @rollup/rollup-win32-x64-msvc@4.62.2
421 silly fetch manifest @rollup/rollup-freebsd-x64@4.62.2
422 silly fetch manifest @rollup/rollup-linux-x64-gnu@4.62.2
423 silly fetch manifest @rollup/rollup-linux-x64-musl@4.62.2
424 silly fetch manifest @rollup/rollup-openbsd-x64@4.62.2
425 silly fetch manifest @rollup/rollup-openharmony-arm64@4.62.2
426 http fetch GET 200 https://registry.npmjs.org/@esbuild%2faix-ppc64 105ms (cache miss)
427 http fetch GET 200 https://registry.npmjs.org/@esbuild%2flinux-ia32 114ms (cache miss)
428 http fetch GET 200 https://registry.npmjs.org/@esbuild%2fsunos-x64 117ms (cache miss)
429 http fetch GET 200 https://registry.npmjs.org/@esbuild%2fdarwin-x64 116ms (cache miss)
430 http fetch GET 200 https://registry.npmjs.org/@esbuild%2fnetbsd-x64 116ms (cache miss)
431 http fetch GET 200 https://registry.npmjs.org/@esbuild%2flinux-s390x 111ms (cache miss)
432 http fetch GET 200 https://registry.npmjs.org/@esbuild%2fandroid-x64 114ms (cache miss)
433 http fetch GET 200 https://registry.npmjs.org/@esbuild%2fwin32-ia32 120ms (cache miss)
434 http fetch GET 200 https://registry.npmjs.org/@esbuild%2fandroid-arm 118ms (cache miss)
435 http fetch GET 200 https://registry.npmjs.org/@esbuild%2flinux-arm64 117ms (cache miss)
436 http fetch GET 200 https://registry.npmjs.org/@esbuild%2ffreebsd-x64 120ms (cache miss)
437 http fetch GET 200 https://registry.npmjs.org/@esbuild%2flinux-ppc64 120ms (cache miss)
438 http fetch GET 200 https://registry.npmjs.org/@esbuild%2flinux-arm 157ms (cache miss)
439 http fetch GET 200 https://registry.npmjs.org/@esbuild%2fopenbsd-x64 148ms (cache miss)
440 http fetch GET 200 https://registry.npmjs.org/source-map-js 146ms (cache miss)
441 http fetch GET 200 https://registry.npmjs.org/@types%2festree 145ms (cache miss)
442 http fetch GET 200 https://registry.npmjs.org/@esbuild%2fwin32-arm64 153ms (cache miss)
443 http fetch GET 200 https://registry.npmjs.org/@esbuild%2fdarwin-arm64 154ms (cache miss)
444 http fetch GET 200 https://registry.npmjs.org/@esbuild%2fandroid-arm64 154ms (cache miss)
445 http fetch GET 200 https://registry.npmjs.org/nanoid 152ms (cache miss)
446 http fetch GET 200 https://registry.npmjs.org/@esbuild%2flinux-mips64el 157ms (cache miss)
447 http fetch GET 200 https://registry.npmjs.org/@esbuild%2flinux-riscv64 159ms (cache miss)
448 http fetch GET 200 https://registry.npmjs.org/@esbuild%2ffreebsd-arm64 163ms (cache miss)
449 http fetch GET 200 https://registry.npmjs.org/@esbuild%2flinux-loong64 163ms (cache miss)
450 http fetch GET 200 https://registry.npmjs.org/@rollup%2frollup-win32-arm64-msvc 183ms (cache miss)
451 http fetch GET 200 https://registry.npmjs.org/@rollup%2frollup-freebsd-arm64 184ms (cache miss)
452 http fetch GET 200 https://registry.npmjs.org/@rollup%2frollup-linux-loong64-musl 185ms (cache miss)
453 http fetch GET 200 https://registry.npmjs.org/@rollup%2frollup-linux-loong64-gnu 185ms (cache miss)
454 http fetch GET 200 https://registry.npmjs.org/@rollup%2frollup-linux-arm64-gnu 189ms (cache miss)
455 http fetch GET 200 https://registry.npmjs.org/@rollup%2frollup-linux-arm-musleabihf 190ms (cache miss)
456 http fetch GET 200 https://registry.npmjs.org/@rollup%2frollup-linux-riscv64-gnu 190ms (cache miss)
457 http fetch GET 200 https://registry.npmjs.org/@rollup%2frollup-android-arm64 197ms (cache miss)
458 http fetch GET 200 https://registry.npmjs.org/@rollup%2frollup-linux-arm64-musl 196ms (cache miss)
459 http fetch GET 200 https://registry.npmjs.org/@rollup%2frollup-android-arm-eabi 198ms (cache miss)
460 http fetch GET 200 https://registry.npmjs.org/@rollup%2frollup-linux-arm-gnueabihf 200ms (cache miss)
461 http fetch GET 200 https://registry.npmjs.org/@rollup%2frollup-win32-ia32-msvc 202ms (cache miss)
462 http fetch GET 200 https://registry.npmjs.org/@rollup%2frollup-linux-riscv64-musl 235ms (cache miss)
463 http fetch GET 200 https://registry.npmjs.org/@rollup%2frollup-linux-ppc64-gnu 237ms (cache miss)
464 http fetch GET 200 https://registry.npmjs.org/@rollup%2frollup-linux-ppc64-musl 237ms (cache miss)
465 http fetch GET 200 https://registry.npmjs.org/@rollup%2frollup-win32-x64-gnu 239ms (cache miss)
466 http fetch GET 200 https://registry.npmjs.org/@rollup%2frollup-openbsd-x64 232ms (cache miss)
467 http fetch GET 200 https://registry.npmjs.org/@rollup%2frollup-openharmony-arm64 233ms (cache miss)
468 http fetch GET 200 https://registry.npmjs.org/@rollup%2frollup-freebsd-x64 237ms (cache miss)
469 http fetch GET 200 https://registry.npmjs.org/@esbuild%2fwin32-x64 270ms (cache miss)
470 http fetch GET 200 https://registry.npmjs.org/@esbuild%2flinux-x64 272ms (cache miss)
471 http fetch GET 200 https://registry.npmjs.org/@rollup%2frollup-linux-s390x-gnu 246ms (cache miss)
472 http fetch GET 200 https://registry.npmjs.org/@rollup%2frollup-linux-x64-musl 240ms (cache miss)
473 http fetch GET 200 https://registry.npmjs.org/@rollup%2frollup-linux-x64-gnu 241ms (cache miss)
474 http fetch GET 200 https://registry.npmjs.org/@rollup%2frollup-darwin-x64 249ms (cache miss)
475 http fetch GET 200 https://registry.npmjs.org/@rollup%2frollup-win32-x64-msvc 249ms (cache miss)
476 http fetch GET 200 https://registry.npmjs.org/@rollup%2frollup-darwin-arm64 279ms (cache miss)
477 timing idealTree:node_modules/vite Completed in 302ms
478 silly placeDep ROOT @esbuild/aix-ppc64@0.21.5 OK for: esbuild@0.21.5 want: 0.21.5
479 silly placeDep ROOT @esbuild/android-arm@0.21.5 OK for: esbuild@0.21.5 want: 0.21.5
480 silly placeDep ROOT @esbuild/android-arm64@0.21.5 OK for: esbuild@0.21.5 want: 0.21.5
481 silly placeDep ROOT @esbuild/android-x64@0.21.5 OK for: esbuild@0.21.5 want: 0.21.5
482 silly placeDep ROOT @esbuild/darwin-arm64@0.21.5 OK for: esbuild@0.21.5 want: 0.21.5
483 silly placeDep ROOT @esbuild/darwin-x64@0.21.5 OK for: esbuild@0.21.5 want: 0.21.5
484 silly placeDep ROOT @esbuild/freebsd-arm64@0.21.5 OK for: esbuild@0.21.5 want: 0.21.5
485 silly placeDep ROOT @esbuild/freebsd-x64@0.21.5 OK for: esbuild@0.21.5 want: 0.21.5
486 silly placeDep ROOT @esbuild/linux-arm@0.21.5 OK for: esbuild@0.21.5 want: 0.21.5
487 silly placeDep ROOT @esbuild/linux-arm64@0.21.5 OK for: esbuild@0.21.5 want: 0.21.5
488 silly placeDep ROOT @esbuild/linux-ia32@0.21.5 OK for: esbuild@0.21.5 want: 0.21.5
489 silly placeDep ROOT @esbuild/linux-loong64@0.21.5 OK for: esbuild@0.21.5 want: 0.21.5
490 silly placeDep ROOT @esbuild/linux-mips64el@0.21.5 OK for: esbuild@0.21.5 want: 0.21.5
491 silly placeDep ROOT @esbuild/linux-ppc64@0.21.5 OK for: esbuild@0.21.5 want: 0.21.5
492 silly placeDep ROOT @esbuild/linux-riscv64@0.21.5 OK for: esbuild@0.21.5 want: 0.21.5
493 silly placeDep ROOT @esbuild/linux-s390x@0.21.5 OK for: esbuild@0.21.5 want: 0.21.5
494 silly placeDep ROOT @esbuild/linux-x64@0.21.5 OK for: esbuild@0.21.5 want: 0.21.5
495 silly placeDep ROOT @esbuild/netbsd-x64@0.21.5 OK for: esbuild@0.21.5 want: 0.21.5
496 silly placeDep ROOT @esbuild/openbsd-x64@0.21.5 OK for: esbuild@0.21.5 want: 0.21.5
497 silly placeDep ROOT @esbuild/sunos-x64@0.21.5 OK for: esbuild@0.21.5 want: 0.21.5
498 silly placeDep ROOT @esbuild/win32-arm64@0.21.5 OK for: esbuild@0.21.5 want: 0.21.5
499 silly placeDep ROOT @esbuild/win32-ia32@0.21.5 OK for: esbuild@0.21.5 want: 0.21.5
500 silly placeDep ROOT @esbuild/win32-x64@0.21.5 OK for: esbuild@0.21.5 want: 0.21.5
501 timing idealTree:node_modules/esbuild Completed in 23ms
502 timing idealTree:node_modules/@esbuild/aix-ppc64 Completed in 0ms
503 timing idealTree:node_modules/@esbuild/android-arm Completed in 0ms
504 timing idealTree:node_modules/@esbuild/android-arm64 Completed in 0ms
505 timing idealTree:node_modules/@esbuild/android-x64 Completed in 0ms
506 timing idealTree:node_modules/@esbuild/darwin-arm64 Completed in 0ms
507 timing idealTree:node_modules/@esbuild/darwin-x64 Completed in 0ms
508 timing idealTree:node_modules/@esbuild/freebsd-arm64 Completed in 0ms
509 timing idealTree:node_modules/@esbuild/freebsd-x64 Completed in 0ms
510 timing idealTree:node_modules/@esbuild/linux-arm Completed in 1ms
511 timing idealTree:node_modules/@esbuild/linux-arm64 Completed in 0ms
512 timing idealTree:node_modules/@esbuild/linux-ia32 Completed in 0ms
513 timing idealTree:node_modules/@esbuild/linux-loong64 Completed in 0ms
514 timing idealTree:node_modules/@esbuild/linux-mips64el Completed in 0ms
515 timing idealTree:node_modules/@esbuild/linux-ppc64 Completed in 0ms
516 timing idealTree:node_modules/@esbuild/linux-riscv64 Completed in 0ms
517 timing idealTree:node_modules/@esbuild/linux-s390x Completed in 0ms
518 timing idealTree:node_modules/@esbuild/linux-x64 Completed in 0ms
519 timing idealTree:node_modules/@esbuild/netbsd-x64 Completed in 0ms
520 timing idealTree:node_modules/@esbuild/openbsd-x64 Completed in 0ms
521 timing idealTree:node_modules/@esbuild/sunos-x64 Completed in 0ms
522 timing idealTree:node_modules/@esbuild/win32-arm64 Completed in 0ms
523 timing idealTree:node_modules/@esbuild/win32-ia32 Completed in 0ms
524 timing idealTree:node_modules/@esbuild/win32-x64 Completed in 0ms
525 timing idealTree:node_modules/fsevents Completed in 0ms
526 silly placeDep ROOT nanoid@3.3.15 OK for: postcss@8.5.15 want: ^3.3.12
527 silly placeDep ROOT source-map-js@1.2.1 OK for: postcss@8.5.15 want: ^1.2.1
528 timing idealTree:node_modules/postcss Completed in 2ms
529 timing idealTree:node_modules/nanoid Completed in 0ms
530 silly placeDep ROOT @rollup/rollup-android-arm-eabi@4.62.2 OK for: rollup@4.62.2 want: 4.62.2
531 silly placeDep ROOT @rollup/rollup-android-arm64@4.62.2 OK for: rollup@4.62.2 want: 4.62.2
532 silly placeDep ROOT @rollup/rollup-darwin-arm64@4.62.2 OK for: rollup@4.62.2 want: 4.62.2
533 silly placeDep ROOT @rollup/rollup-darwin-x64@4.62.2 OK for: rollup@4.62.2 want: 4.62.2
534 silly placeDep ROOT @rollup/rollup-freebsd-arm64@4.62.2 OK for: rollup@4.62.2 want: 4.62.2
535 silly placeDep ROOT @rollup/rollup-freebsd-x64@4.62.2 OK for: rollup@4.62.2 want: 4.62.2
536 silly placeDep ROOT @rollup/rollup-linux-arm-gnueabihf@4.62.2 OK for: rollup@4.62.2 want: 4.62.2
537 silly placeDep ROOT @rollup/rollup-linux-arm-musleabihf@4.62.2 OK for: rollup@4.62.2 want: 4.62.2
538 silly placeDep ROOT @rollup/rollup-linux-arm64-gnu@4.62.2 OK for: rollup@4.62.2 want: 4.62.2
539 silly placeDep ROOT @rollup/rollup-linux-arm64-musl@4.62.2 OK for: rollup@4.62.2 want: 4.62.2
540 silly placeDep ROOT @rollup/rollup-linux-loong64-gnu@4.62.2 OK for: rollup@4.62.2 want: 4.62.2
541 silly placeDep ROOT @rollup/rollup-linux-loong64-musl@4.62.2 OK for: rollup@4.62.2 want: 4.62.2
542 silly placeDep ROOT @rollup/rollup-linux-ppc64-gnu@4.62.2 OK for: rollup@4.62.2 want: 4.62.2
543 silly placeDep ROOT @rollup/rollup-linux-ppc64-musl@4.62.2 OK for: rollup@4.62.2 want: 4.62.2
544 silly placeDep ROOT @rollup/rollup-linux-riscv64-gnu@4.62.2 OK for: rollup@4.62.2 want: 4.62.2
545 silly placeDep ROOT @rollup/rollup-linux-riscv64-musl@4.62.2 OK for: rollup@4.62.2 want: 4.62.2
546 silly placeDep ROOT @rollup/rollup-linux-s390x-gnu@4.62.2 OK for: rollup@4.62.2 want: 4.62.2
547 silly placeDep ROOT @rollup/rollup-linux-x64-gnu@4.62.2 OK for: rollup@4.62.2 want: 4.62.2
548 silly placeDep ROOT @rollup/rollup-linux-x64-musl@4.62.2 OK for: rollup@4.62.2 want: 4.62.2
549 silly placeDep ROOT @rollup/rollup-openbsd-x64@4.62.2 OK for: rollup@4.62.2 want: 4.62.2
550 silly placeDep ROOT @rollup/rollup-openharmony-arm64@4.62.2 OK for: rollup@4.62.2 want: 4.62.2
551 silly placeDep ROOT @rollup/rollup-win32-arm64-msvc@4.62.2 OK for: rollup@4.62.2 want: 4.62.2
552 silly placeDep ROOT @rollup/rollup-win32-ia32-msvc@4.62.2 OK for: rollup@4.62.2 want: 4.62.2
553 silly placeDep ROOT @rollup/rollup-win32-x64-gnu@4.62.2 OK for: rollup@4.62.2 want: 4.62.2
554 silly placeDep ROOT @rollup/rollup-win32-x64-msvc@4.62.2 OK for: rollup@4.62.2 want: 4.62.2
555 silly placeDep ROOT @types/estree@1.0.9 OK for: rollup@4.62.2 want: 1.0.9
556 timing idealTree:node_modules/rollup Completed in 19ms
557 timing idealTree:node_modules/@rollup/rollup-android-arm-eabi Completed in 0ms
558 timing idealTree:node_modules/@rollup/rollup-android-arm64 Completed in 0ms
559 timing idealTree:node_modules/@rollup/rollup-darwin-arm64 Completed in 1ms
560 timing idealTree:node_modules/@rollup/rollup-darwin-x64 Completed in 0ms
561 timing idealTree:node_modules/@rollup/rollup-freebsd-arm64 Completed in 0ms
562 timing idealTree:node_modules/@rollup/rollup-freebsd-x64 Completed in 0ms
563 timing idealTree:node_modules/@rollup/rollup-linux-arm-gnueabihf Completed in 0ms
564 timing idealTree:node_modules/@rollup/rollup-linux-arm-musleabihf Completed in 0ms
565 timing idealTree:node_modules/@rollup/rollup-linux-arm64-gnu Completed in 0ms
566 timing idealTree:node_modules/@rollup/rollup-linux-arm64-musl Completed in 0ms
567 timing idealTree:node_modules/@rollup/rollup-linux-loong64-gnu Completed in 0ms
568 timing idealTree:node_modules/@rollup/rollup-linux-loong64-musl Completed in 0ms
569 timing idealTree:node_modules/@rollup/rollup-linux-ppc64-gnu Completed in 0ms
570 timing idealTree:node_modules/@rollup/rollup-linux-ppc64-musl Completed in 0ms
571 timing idealTree:node_modules/@rollup/rollup-linux-riscv64-gnu Completed in 0ms
572 timing idealTree:node_modules/@rollup/rollup-linux-riscv64-musl Completed in 0ms
573 timing idealTree:node_modules/@rollup/rollup-linux-s390x-gnu Completed in 0ms
574 timing idealTree:node_modules/@rollup/rollup-linux-x64-gnu Completed in 0ms
575 timing idealTree:node_modules/@rollup/rollup-linux-x64-musl Completed in 0ms
576 timing idealTree:node_modules/@rollup/rollup-openbsd-x64 Completed in 0ms
577 timing idealTree:node_modules/@rollup/rollup-openharmony-arm64 Completed in 0ms
578 timing idealTree:node_modules/@rollup/rollup-win32-arm64-msvc Completed in 0ms
579 timing idealTree:node_modules/@rollup/rollup-win32-ia32-msvc Completed in 0ms
580 timing idealTree:node_modules/@rollup/rollup-win32-x64-gnu Completed in 0ms
581 timing idealTree:node_modules/@rollup/rollup-win32-x64-msvc Completed in 0ms
582 timing idealTree:node_modules/@types/estree Completed in 0ms
583 timing idealTree:node_modules/source-map-js Completed in 0ms
584 timing idealTree:node_modules/yallist Completed in 0ms
585 timing idealTree:node_modules/zod Completed in 0ms
586 timing idealTree:node_modules/zundo Completed in 1ms
587 silly fetch manifest react@>=16.8
588 silly placeDep ROOT use-sync-external-store@1.6.0 OK for: zustand@4.5.7 want: ^1.2.2
589 timing idealTree:node_modules/zustand Completed in 3ms
590 timing idealTree:node_modules/use-sync-external-store Completed in 0ms
591 timing idealTree:buildDeps Completed in 3332ms
592 timing idealTree:fixDepFlags Completed in 1ms
593 timing idealTree Completed in 3349ms
594 timing reify:loadTrees Completed in 3350ms
595 timing reify:diffTrees Completed in 3ms
596 silly reify moves {}
597 timing reify:retireShallow Completed in 1ms
598 timing reify:createSparse Completed in 16ms
599 timing reify:loadBundles Completed in 0ms
600 verbose reify failed optional dependency /Users/johndeans/Documents/whiteboard/node_modules/@rollup/rollup-win32-x64-msvc
601 silly reify mark deleted [
601 silly reify   '/Users/johndeans/Documents/whiteboard/node_modules/@rollup/rollup-win32-x64-msvc'
601 silly reify ]
602 verbose reify failed optional dependency /Users/johndeans/Documents/whiteboard/node_modules/@rollup/rollup-win32-x64-gnu
603 silly reify mark deleted [
603 silly reify   '/Users/johndeans/Documents/whiteboard/node_modules/@rollup/rollup-win32-x64-gnu'
603 silly reify ]
604 verbose reify failed optional dependency /Users/johndeans/Documents/whiteboard/node_modules/@rollup/rollup-win32-ia32-msvc
605 silly reify mark deleted [
605 silly reify   '/Users/johndeans/Documents/whiteboard/node_modules/@rollup/rollup-win32-ia32-msvc'
605 silly reify ]
606 verbose reify failed optional dependency /Users/johndeans/Documents/whiteboard/node_modules/@rollup/rollup-win32-arm64-msvc
607 silly reify mark deleted [
607 silly reify   '/Users/johndeans/Documents/whiteboard/node_modules/@rollup/rollup-win32-arm64-msvc'
607 silly reify ]
608 verbose reify failed optional dependency /Users/johndeans/Documents/whiteboard/node_modules/@rollup/rollup-openharmony-arm64
609 silly reify mark deleted [
609 silly reify   '/Users/johndeans/Documents/whiteboard/node_modules/@rollup/rollup-openharmony-arm64'
609 silly reify ]
610 verbose reify failed optional dependency /Users/johndeans/Documents/whiteboard/node_modules/@rollup/rollup-openbsd-x64
611 silly reify mark deleted [
611 silly reify   '/Users/johndeans/Documents/whiteboard/node_modules/@rollup/rollup-openbsd-x64'
611 silly reify ]
612 verbose reify failed optional dependency /Users/johndeans/Documents/whiteboard/node_modules/@rollup/rollup-linux-x64-musl
613 silly reify mark deleted [
613 silly reify   '/Users/johndeans/Documents/whiteboard/node_modules/@rollup/rollup-linux-x64-musl'
613 silly reify ]
614 verbose reify failed optional dependency /Users/johndeans/Documents/whiteboard/node_modules/@rollup/rollup-linux-x64-gnu
615 silly reify mark deleted [
615 silly reify   '/Users/johndeans/Documents/whiteboard/node_modules/@rollup/rollup-linux-x64-gnu'
615 silly reify ]
616 verbose reify failed optional dependency /Users/johndeans/Documents/whiteboard/node_modules/@rollup/rollup-linux-s390x-gnu
617 silly reify mark deleted [
617 silly reify   '/Users/johndeans/Documents/whiteboard/node_modules/@rollup/rollup-linux-s390x-gnu'
617 silly reify ]
618 verbose reify failed optional dependency /Users/johndeans/Documents/whiteboard/node_modules/@rollup/rollup-linux-riscv64-musl
619 silly reify mark deleted [
619 silly reify   '/Users/johndeans/Documents/whiteboard/node_modules/@rollup/rollup-linux-riscv64-musl'
619 silly reify ]
620 verbose reify failed optional dependency /Users/johndeans/Documents/whiteboard/node_modules/@rollup/rollup-linux-riscv64-gnu
621 silly reify mark deleted [
621 silly reify   '/Users/johndeans/Documents/whiteboard/node_modules/@rollup/rollup-linux-riscv64-gnu'
621 silly reify ]
622 verbose reify failed optional dependency /Users/johndeans/Documents/whiteboard/node_modules/@rollup/rollup-linux-ppc64-musl
623 silly reify mark deleted [
623 silly reify   '/Users/johndeans/Documents/whiteboard/node_modules/@rollup/rollup-linux-ppc64-musl'
623 silly reify ]
624 verbose reify failed optional dependency /Users/johndeans/Documents/whiteboard/node_modules/@rollup/rollup-linux-ppc64-gnu
625 silly reify mark deleted [
625 silly reify   '/Users/johndeans/Documents/whiteboard/node_modules/@rollup/rollup-linux-ppc64-gnu'
625 silly reify ]
626 verbose reify failed optional dependency /Users/johndeans/Documents/whiteboard/node_modules/@rollup/rollup-linux-loong64-musl
627 silly reify mark deleted [
627 silly reify   '/Users/johndeans/Documents/whiteboard/node_modules/@rollup/rollup-linux-loong64-musl'
627 silly reify ]
628 verbose reify failed optional dependency /Users/johndeans/Documents/whiteboard/node_modules/@rollup/rollup-linux-loong64-gnu
629 silly reify mark deleted [
629 silly reify   '/Users/johndeans/Documents/whiteboard/node_modules/@rollup/rollup-linux-loong64-gnu'
629 silly reify ]
630 verbose reify failed optional dependency /Users/johndeans/Documents/whiteboard/node_modules/@rollup/rollup-linux-arm64-musl
631 silly reify mark deleted [
631 silly reify   '/Users/johndeans/Documents/whiteboard/node_modules/@rollup/rollup-linux-arm64-musl'
631 silly reify ]
632 verbose reify failed optional dependency /Users/johndeans/Documents/whiteboard/node_modules/@rollup/rollup-linux-arm64-gnu
633 silly reify mark deleted [
633 silly reify   '/Users/johndeans/Documents/whiteboard/node_modules/@rollup/rollup-linux-arm64-gnu'
633 silly reify ]
634 verbose reify failed optional dependency /Users/johndeans/Documents/whiteboard/node_modules/@rollup/rollup-linux-arm-musleabihf
635 silly reify mark deleted [
635 silly reify   '/Users/johndeans/Documents/whiteboard/node_modules/@rollup/rollup-linux-arm-musleabihf'
635 silly reify ]
636 verbose reify failed optional dependency /Users/johndeans/Documents/whiteboard/node_modules/@rollup/rollup-linux-arm-gnueabihf
637 silly reify mark deleted [
637 silly reify   '/Users/johndeans/Documents/whiteboard/node_modules/@rollup/rollup-linux-arm-gnueabihf'
637 silly reify ]
638 verbose reify failed optional dependency /Users/johndeans/Documents/whiteboard/node_modules/@rollup/rollup-freebsd-x64
639 silly reify mark deleted [
639 silly reify   '/Users/johndeans/Documents/whiteboard/node_modules/@rollup/rollup-freebsd-x64'
639 silly reify ]
640 verbose reify failed optional dependency /Users/johndeans/Documents/whiteboard/node_modules/@rollup/rollup-freebsd-arm64
641 silly reify mark deleted [
641 silly reify   '/Users/johndeans/Documents/whiteboard/node_modules/@rollup/rollup-freebsd-arm64'
641 silly reify ]
642 verbose reify failed optional dependency /Users/johndeans/Documents/whiteboard/node_modules/@rollup/rollup-darwin-arm64
643 silly reify mark deleted [
643 silly reify   '/Users/johndeans/Documents/whiteboard/node_modules/@rollup/rollup-darwin-arm64'
643 silly reify ]
644 verbose reify failed optional dependency /Users/johndeans/Documents/whiteboard/node_modules/@rollup/rollup-android-arm64
645 silly reify mark deleted [
645 silly reify   '/Users/johndeans/Documents/whiteboard/node_modules/@rollup/rollup-android-arm64'
645 silly reify ]
646 verbose reify failed optional dependency /Users/johndeans/Documents/whiteboard/node_modules/@rollup/rollup-android-arm-eabi
647 silly reify mark deleted [
647 silly reify   '/Users/johndeans/Documents/whiteboard/node_modules/@rollup/rollup-android-arm-eabi'
647 silly reify ]
648 verbose reify failed optional dependency /Users/johndeans/Documents/whiteboard/node_modules/@esbuild/win32-x64
649 silly reify mark deleted [
649 silly reify   '/Users/johndeans/Documents/whiteboard/node_modules/@esbuild/win32-x64'
649 silly reify ]
650 verbose reify failed optional dependency /Users/johndeans/Documents/whiteboard/node_modules/@esbuild/win32-ia32
651 silly reify mark deleted [
651 silly reify   '/Users/johndeans/Documents/whiteboard/node_modules/@esbuild/win32-ia32'
651 silly reify ]
652 verbose reify failed optional dependency /Users/johndeans/Documents/whiteboard/node_modules/@esbuild/win32-arm64
653 silly reify mark deleted [
653 silly reify   '/Users/johndeans/Documents/whiteboard/node_modules/@esbuild/win32-arm64'
653 silly reify ]
654 verbose reify failed optional dependency /Users/johndeans/Documents/whiteboard/node_modules/@esbuild/sunos-x64
655 silly reify mark deleted [
655 silly reify   '/Users/johndeans/Documents/whiteboard/node_modules/@esbuild/sunos-x64'
655 silly reify ]
656 verbose reify failed optional dependency /Users/johndeans/Documents/whiteboard/node_modules/@esbuild/openbsd-x64
657 silly reify mark deleted [
657 silly reify   '/Users/johndeans/Documents/whiteboard/node_modules/@esbuild/openbsd-x64'
657 silly reify ]
658 verbose reify failed optional dependency /Users/johndeans/Documents/whiteboard/node_modules/@esbuild/netbsd-x64
659 silly reify mark deleted [
659 silly reify   '/Users/johndeans/Documents/whiteboard/node_modules/@esbuild/netbsd-x64'
659 silly reify ]
660 verbose reify failed optional dependency /Users/johndeans/Documents/whiteboard/node_modules/@esbuild/linux-x64
661 silly reify mark deleted [
661 silly reify   '/Users/johndeans/Documents/whiteboard/node_modules/@esbuild/linux-x64'
661 silly reify ]
662 verbose reify failed optional dependency /Users/johndeans/Documents/whiteboard/node_modules/@esbuild/linux-s390x
663 silly reify mark deleted [
663 silly reify   '/Users/johndeans/Documents/whiteboard/node_modules/@esbuild/linux-s390x'
663 silly reify ]
664 verbose reify failed optional dependency /Users/johndeans/Documents/whiteboard/node_modules/@esbuild/linux-riscv64
665 silly reify mark deleted [
665 silly reify   '/Users/johndeans/Documents/whiteboard/node_modules/@esbuild/linux-riscv64'
665 silly reify ]
666 verbose reify failed optional dependency /Users/johndeans/Documents/whiteboard/node_modules/@esbuild/linux-ppc64
667 silly reify mark deleted [
667 silly reify   '/Users/johndeans/Documents/whiteboard/node_modules/@esbuild/linux-ppc64'
667 silly reify ]
668 verbose reify failed optional dependency /Users/johndeans/Documents/whiteboard/node_modules/@esbuild/linux-mips64el
669 silly reify mark deleted [
669 silly reify   '/Users/johndeans/Documents/whiteboard/node_modules/@esbuild/linux-mips64el'
669 silly reify ]
670 verbose reify failed optional dependency /Users/johndeans/Documents/whiteboard/node_modules/@esbuild/linux-loong64
671 silly reify mark deleted [
671 silly reify   '/Users/johndeans/Documents/whiteboard/node_modules/@esbuild/linux-loong64'
671 silly reify ]
672 verbose reify failed optional dependency /Users/johndeans/Documents/whiteboard/node_modules/@esbuild/linux-ia32
673 silly reify mark deleted [
673 silly reify   '/Users/johndeans/Documents/whiteboard/node_modules/@esbuild/linux-ia32'
673 silly reify ]
674 verbose reify failed optional dependency /Users/johndeans/Documents/whiteboard/node_modules/@esbuild/linux-arm64
675 silly reify mark deleted [
675 silly reify   '/Users/johndeans/Documents/whiteboard/node_modules/@esbuild/linux-arm64'
675 silly reify ]
676 verbose reify failed optional dependency /Users/johndeans/Documents/whiteboard/node_modules/@esbuild/linux-arm
677 silly reify mark deleted [
677 silly reify   '/Users/johndeans/Documents/whiteboard/node_modules/@esbuild/linux-arm'
677 silly reify ]
678 verbose reify failed optional dependency /Users/johndeans/Documents/whiteboard/node_modules/@esbuild/freebsd-x64
679 silly reify mark deleted [
679 silly reify   '/Users/johndeans/Documents/whiteboard/node_modules/@esbuild/freebsd-x64'
679 silly reify ]
680 verbose reify failed optional dependency /Users/johndeans/Documents/whiteboard/node_modules/@esbuild/freebsd-arm64
681 silly reify mark deleted [
681 silly reify   '/Users/johndeans/Documents/whiteboard/node_modules/@esbuild/freebsd-arm64'
681 silly reify ]
682 verbose reify failed optional dependency /Users/johndeans/Documents/whiteboard/node_modules/@esbuild/darwin-arm64
683 silly reify mark deleted [
683 silly reify   '/Users/johndeans/Documents/whiteboard/node_modules/@esbuild/darwin-arm64'
683 silly reify ]
684 verbose reify failed optional dependency /Users/johndeans/Documents/whiteboard/node_modules/@esbuild/android-x64
685 silly reify mark deleted [
685 silly reify   '/Users/johndeans/Documents/whiteboard/node_modules/@esbuild/android-x64'
685 silly reify ]
686 verbose reify failed optional dependency /Users/johndeans/Documents/whiteboard/node_modules/@esbuild/android-arm64
687 silly reify mark deleted [
687 silly reify   '/Users/johndeans/Documents/whiteboard/node_modules/@esbuild/android-arm64'
687 silly reify ]
688 verbose reify failed optional dependency /Users/johndeans/Documents/whiteboard/node_modules/@esbuild/android-arm
689 silly reify mark deleted [
689 silly reify   '/Users/johndeans/Documents/whiteboard/node_modules/@esbuild/android-arm'
689 silly reify ]
690 verbose reify failed optional dependency /Users/johndeans/Documents/whiteboard/node_modules/@esbuild/aix-ppc64
691 silly reify mark deleted [
691 silly reify   '/Users/johndeans/Documents/whiteboard/node_modules/@esbuild/aix-ppc64'
691 silly reify ]
692 timing reifyNode:node_modules/@rollup/rollup-win32-x64-msvc Completed in 28ms
693 timing reifyNode:node_modules/@rollup/rollup-win32-x64-gnu Completed in 28ms
694 timing reifyNode:node_modules/@rollup/rollup-win32-ia32-msvc Completed in 28ms
695 timing reifyNode:node_modules/@rollup/rollup-win32-arm64-msvc Completed in 29ms
696 timing reifyNode:node_modules/@rollup/rollup-openharmony-arm64 Completed in 29ms
697 timing reifyNode:node_modules/@rollup/rollup-openbsd-x64 Completed in 29ms
698 timing reifyNode:node_modules/@rollup/rollup-linux-x64-musl Completed in 29ms
699 timing reifyNode:node_modules/@rollup/rollup-linux-x64-gnu Completed in 29ms
700 timing reifyNode:node_modules/@rollup/rollup-linux-s390x-gnu Completed in 30ms
701 timing reifyNode:node_modules/@rollup/rollup-linux-riscv64-musl Completed in 30ms
702 timing reifyNode:node_modules/@rollup/rollup-linux-riscv64-gnu Completed in 29ms
703 timing reifyNode:node_modules/@rollup/rollup-linux-ppc64-musl Completed in 29ms
704 timing reifyNode:node_modules/@rollup/rollup-linux-ppc64-gnu Completed in 29ms
705 timing reifyNode:node_modules/@rollup/rollup-linux-loong64-musl Completed in 29ms
706 timing reifyNode:node_modules/@rollup/rollup-linux-loong64-gnu Completed in 29ms
707 timing reifyNode:node_modules/@rollup/rollup-linux-arm64-musl Completed in 30ms
708 timing reifyNode:node_modules/@rollup/rollup-linux-arm64-gnu Completed in 30ms
709 timing reifyNode:node_modules/@rollup/rollup-linux-arm-musleabihf Completed in 30ms
710 timing reifyNode:node_modules/@rollup/rollup-linux-arm-gnueabihf Completed in 30ms
711 timing reifyNode:node_modules/@rollup/rollup-freebsd-x64 Completed in 30ms
712 timing reifyNode:node_modules/@rollup/rollup-freebsd-arm64 Completed in 30ms
713 timing reifyNode:node_modules/@rollup/rollup-darwin-arm64 Completed in 30ms
714 timing reifyNode:node_modules/@rollup/rollup-android-arm64 Completed in 30ms
715 timing reifyNode:node_modules/@rollup/rollup-android-arm-eabi Completed in 30ms
716 timing reifyNode:node_modules/@esbuild/win32-x64 Completed in 30ms
717 timing reifyNode:node_modules/@esbuild/win32-ia32 Completed in 30ms
718 timing reifyNode:node_modules/@esbuild/win32-arm64 Completed in 30ms
719 timing reifyNode:node_modules/@esbuild/sunos-x64 Completed in 30ms
720 timing reifyNode:node_modules/@esbuild/openbsd-x64 Completed in 30ms
721 timing reifyNode:node_modules/@esbuild/netbsd-x64 Completed in 30ms
722 timing reifyNode:node_modules/@esbuild/linux-x64 Completed in 31ms
723 timing reifyNode:node_modules/@esbuild/linux-s390x Completed in 31ms
724 timing reifyNode:node_modules/@esbuild/linux-riscv64 Completed in 31ms
725 timing reifyNode:node_modules/@esbuild/linux-ppc64 Completed in 31ms
726 timing reifyNode:node_modules/@esbuild/linux-mips64el Completed in 31ms
727 timing reifyNode:node_modules/@esbuild/linux-loong64 Completed in 31ms
728 timing reifyNode:node_modules/@esbuild/linux-ia32 Completed in 31ms
729 timing reifyNode:node_modules/@esbuild/linux-arm64 Completed in 31ms
730 timing reifyNode:node_modules/@esbuild/linux-arm Completed in 31ms
731 timing reifyNode:node_modules/@esbuild/freebsd-x64 Completed in 30ms
732 timing reifyNode:node_modules/@esbuild/freebsd-arm64 Completed in 30ms
733 timing reifyNode:node_modules/@esbuild/darwin-arm64 Completed in 30ms
734 timing reifyNode:node_modules/@esbuild/android-x64 Completed in 30ms
735 timing reifyNode:node_modules/@esbuild/android-arm64 Completed in 30ms
736 timing reifyNode:node_modules/@esbuild/android-arm Completed in 30ms
737 timing reifyNode:node_modules/@esbuild/aix-ppc64 Completed in 30ms
738 silly tarball no local data for use-sync-external-store@https://registry.npmjs.org/use-sync-external-store/-/use-sync-external-store-1.6.0.tgz. Extracting by manifest.
739 silly tarball no local data for @types/estree@https://registry.npmjs.org/@types/estree/-/estree-1.0.9.tgz. Extracting by manifest.
740 silly tarball no local data for source-map-js@https://registry.npmjs.org/source-map-js/-/source-map-js-1.2.1.tgz. Extracting by manifest.
741 silly tarball no local data for nanoid@https://registry.npmjs.org/nanoid/-/nanoid-3.3.15.tgz. Extracting by manifest.
742 silly tarball no local data for rollup@https://registry.npmjs.org/rollup/-/rollup-4.62.2.tgz. Extracting by manifest.
743 silly tarball no local data for @rollup/rollup-darwin-x64@https://registry.npmjs.org/@rollup/rollup-darwin-x64/-/rollup-darwin-x64-4.62.2.tgz. Extracting by manifest.
744 silly tarball no local data for @esbuild/darwin-x64@https://registry.npmjs.org/@esbuild/darwin-x64/-/darwin-x64-0.21.5.tgz. Extracting by manifest.
745 silly tarball no local data for fsevents@https://registry.npmjs.org/fsevents/-/fsevents-2.3.3.tgz. Extracting by manifest.
746 silly tarball no local data for postcss@https://registry.npmjs.org/postcss/-/postcss-8.5.15.tgz. Extracting by manifest.
747 silly tarball no local data for escalade@https://registry.npmjs.org/escalade/-/escalade-3.2.0.tgz. Extracting by manifest.
748 silly tarball no local data for esbuild@https://registry.npmjs.org/esbuild/-/esbuild-0.21.5.tgz. Extracting by manifest.
749 silly tarball no local data for string.prototype.codepointat@https://registry.npmjs.org/string.prototype.codepointat/-/string.prototype.codepointat-0.2.1.tgz. Extracting by manifest.
750 silly tarball no local data for loose-envify@https://registry.npmjs.org/loose-envify/-/loose-envify-1.4.0.tgz. Extracting by manifest.
751 silly tarball no local data for tiny-inflate@https://registry.npmjs.org/tiny-inflate/-/tiny-inflate-1.0.3.tgz. Extracting by manifest.
752 silly tarball no local data for yallist@https://registry.npmjs.org/yallist/-/yallist-3.1.1.tgz. Extracting by manifest.
753 silly tarball no local data for update-browserslist-db@https://registry.npmjs.org/update-browserslist-db/-/update-browserslist-db-1.2.3.tgz. Extracting by manifest.
754 silly tarball no local data for node-releases@https://registry.npmjs.org/node-releases/-/node-releases-2.0.48.tgz. Extracting by manifest.
755 silly tarball no local data for electron-to-chromium@https://registry.npmjs.org/electron-to-chromium/-/electron-to-chromium-1.5.377.tgz. Extracting by manifest.
756 silly tarball no local data for caniuse-lite@https://registry.npmjs.org/caniuse-lite/-/caniuse-lite-1.0.30001799.tgz. Extracting by manifest.
757 silly tarball no local data for ms@https://registry.npmjs.org/ms/-/ms-2.1.3.tgz. Extracting by manifest.
758 silly tarball no local data for @types/babel__traverse@https://registry.npmjs.org/@types/babel__traverse/-/babel__traverse-7.28.0.tgz. Extracting by manifest.
759 silly tarball no local data for baseline-browser-mapping@https://registry.npmjs.org/baseline-browser-mapping/-/baseline-browser-mapping-2.10.38.tgz. Extracting by manifest.
760 silly tarball no local data for @types/babel__template@https://registry.npmjs.org/@types/babel__template/-/babel__template-7.4.4.tgz. Extracting by manifest.
761 silly tarball no local data for @jridgewell/resolve-uri@https://registry.npmjs.org/@jridgewell/resolve-uri/-/resolve-uri-3.1.2.tgz. Extracting by manifest.
762 silly tarball no local data for @types/babel__generator@https://registry.npmjs.org/@types/babel__generator/-/babel__generator-7.27.0.tgz. Extracting by manifest.
763 silly tarball no local data for @babel/helper-string-parser@https://registry.npmjs.org/@babel/helper-string-parser/-/helper-string-parser-7.29.7.tgz. Extracting by manifest.
764 silly tarball no local data for scheduler@https://registry.npmjs.org/scheduler/-/scheduler-0.23.2.tgz. Extracting by manifest.
765 silly tarball no local data for @babel/helper-plugin-utils@https://registry.npmjs.org/@babel/helper-plugin-utils/-/helper-plugin-utils-7.29.7.tgz. Extracting by manifest.
766 silly tarball no local data for @jridgewell/sourcemap-codec@https://registry.npmjs.org/@jridgewell/sourcemap-codec/-/sourcemap-codec-1.5.5.tgz. Extracting by manifest.
767 silly tarball no local data for @babel/helper-globals@https://registry.npmjs.org/@babel/helper-globals/-/helper-globals-7.29.7.tgz. Extracting by manifest.
768 silly tarball no local data for @babel/helper-module-imports@https://registry.npmjs.org/@babel/helper-module-imports/-/helper-module-imports-7.29.7.tgz. Extracting by manifest.
769 silly tarball no local data for browserslist@https://registry.npmjs.org/browserslist/-/browserslist-4.28.4.tgz. Extracting by manifest.
770 silly tarball no local data for @babel/helper-validator-option@https://registry.npmjs.org/@babel/helper-validator-option/-/helper-validator-option-7.29.7.tgz. Extracting by manifest.
771 silly tarball no local data for @babel/compat-data@https://registry.npmjs.org/@babel/compat-data/-/compat-data-7.29.7.tgz. Extracting by manifest.
772 silly tarball no local data for @jridgewell/trace-mapping@https://registry.npmjs.org/@jridgewell/trace-mapping/-/trace-mapping-0.3.31.tgz. Extracting by manifest.
773 silly tarball no local data for lru-cache@https://registry.npmjs.org/lru-cache/-/lru-cache-5.1.1.tgz. Extracting by manifest.
774 silly tarball no local data for jsesc@https://registry.npmjs.org/jsesc/-/jsesc-3.1.0.tgz. Extracting by manifest.
775 silly tarball no local data for @jridgewell/gen-mapping@https://registry.npmjs.org/@jridgewell/gen-mapping/-/gen-mapping-0.3.13.tgz. Extracting by manifest.
776 silly tarball no local data for semver@https://registry.npmjs.org/semver/-/semver-6.3.1.tgz. Extracting by manifest.
777 silly tarball no local data for picocolors@https://registry.npmjs.org/picocolors/-/picocolors-1.1.1.tgz. Extracting by manifest.
778 silly tarball no local data for json5@https://registry.npmjs.org/json5/-/json5-2.2.3.tgz. Extracting by manifest.
779 silly tarball no local data for @babel/helper-validator-identifier@https://registry.npmjs.org/@babel/helper-validator-identifier/-/helper-validator-identifier-7.29.7.tgz. Extracting by manifest.
780 silly tarball no local data for gensync@https://registry.npmjs.org/gensync/-/gensync-1.0.0-beta.2.tgz. Extracting by manifest.
781 silly tarball no local data for @jridgewell/remapping@https://registry.npmjs.org/@jridgewell/remapping/-/remapping-2.3.5.tgz. Extracting by manifest.
782 silly tarball no local data for @babel/types@https://registry.npmjs.org/@babel/types/-/types-7.29.7.tgz. Extracting by manifest.
783 silly tarball no local data for js-tokens@https://registry.npmjs.org/js-tokens/-/js-tokens-4.0.0.tgz. Extracting by manifest.
784 silly tarball no local data for debug@https://registry.npmjs.org/debug/-/debug-4.4.3.tgz. Extracting by manifest.
785 silly tarball no local data for convert-source-map@https://registry.npmjs.org/convert-source-map/-/convert-source-map-2.0.0.tgz. Extracting by manifest.
786 silly tarball no local data for @babel/helpers@https://registry.npmjs.org/@babel/helpers/-/helpers-7.29.7.tgz. Extracting by manifest.
787 silly tarball no local data for @babel/traverse@https://registry.npmjs.org/@babel/traverse/-/traverse-7.29.7.tgz. Extracting by manifest.
788 silly tarball no local data for @babel/template@https://registry.npmjs.org/@babel/template/-/template-7.29.7.tgz. Extracting by manifest.
789 silly tarball no local data for @babel/parser@https://registry.npmjs.org/@babel/parser/-/parser-7.29.7.tgz. Extracting by manifest.
790 silly tarball no local data for @babel/helper-compilation-targets@https://registry.npmjs.org/@babel/helper-compilation-targets/-/helper-compilation-targets-7.29.7.tgz. Extracting by manifest.
791 silly tarball no local data for @babel/helper-module-transforms@https://registry.npmjs.org/@babel/helper-module-transforms/-/helper-module-transforms-7.29.7.tgz. Extracting by manifest.
792 silly tarball no local data for @babel/generator@https://registry.npmjs.org/@babel/generator/-/generator-7.29.7.tgz. Extracting by manifest.
793 silly tarball no local data for @rolldown/pluginutils@https://registry.npmjs.org/@rolldown/pluginutils/-/pluginutils-1.0.0-beta.27.tgz. Extracting by manifest.
794 silly tarball no local data for @babel/core@https://registry.npmjs.org/@babel/core/-/core-7.29.7.tgz. Extracting by manifest.
795 silly tarball no local data for @babel/code-frame@https://registry.npmjs.org/@babel/code-frame/-/code-frame-7.29.7.tgz. Extracting by manifest.
796 silly tarball no local data for @types/babel__core@https://registry.npmjs.org/@types/babel__core/-/babel__core-7.20.5.tgz. Extracting by manifest.
797 silly tarball no local data for react-refresh@https://registry.npmjs.org/react-refresh/-/react-refresh-0.17.0.tgz. Extracting by manifest.
798 silly tarball no local data for @babel/plugin-transform-react-jsx-source@https://registry.npmjs.org/@babel/plugin-transform-react-jsx-source/-/plugin-transform-react-jsx-source-7.29.7.tgz. Extracting by manifest.
799 silly tarball no local data for csstype@https://registry.npmjs.org/csstype/-/csstype-3.2.3.tgz. Extracting by manifest.
800 silly tarball no local data for @types/prop-types@https://registry.npmjs.org/@types/prop-types/-/prop-types-15.7.15.tgz. Extracting by manifest.
801 silly tarball no local data for tslib@https://registry.npmjs.org/tslib/-/tslib-2.8.1.tgz. Extracting by manifest.
802 silly tarball no local data for undici-types@https://registry.npmjs.org/undici-types/-/undici-types-6.21.0.tgz. Extracting by manifest.
803 silly tarball no local data for zustand@https://registry.npmjs.org/zustand/-/zustand-4.5.7.tgz. Extracting by manifest.
804 silly tarball no local data for @babel/plugin-transform-react-jsx-self@https://registry.npmjs.org/@babel/plugin-transform-react-jsx-self/-/plugin-transform-react-jsx-self-7.29.7.tgz. Extracting by manifest.
805 silly tarball no local data for @dnd-kit/accessibility@https://registry.npmjs.org/@dnd-kit/accessibility/-/accessibility-3.1.1.tgz. Extracting by manifest.
806 silly tarball no local data for zundo@https://registry.npmjs.org/zundo/-/zundo-2.3.0.tgz. Extracting by manifest.
807 silly tarball no local data for zod@https://registry.npmjs.org/zod/-/zod-3.25.76.tgz. Extracting by manifest.
808 silly tarball no local data for typescript@https://registry.npmjs.org/typescript/-/typescript-5.9.3.tgz. Extracting by manifest.
809 silly tarball no local data for simplify-js@https://registry.npmjs.org/simplify-js/-/simplify-js-1.2.4.tgz. Extracting by manifest.
810 silly tarball no local data for @vitejs/plugin-react@https://registry.npmjs.org/@vitejs/plugin-react/-/plugin-react-4.7.0.tgz. Extracting by manifest.
811 silly tarball no local data for vite@https://registry.npmjs.org/vite/-/vite-5.4.21.tgz. Extracting by manifest.
812 silly tarball no local data for @types/react-dom@https://registry.npmjs.org/@types/react-dom/-/react-dom-18.3.7.tgz. Extracting by manifest.
813 silly tarball no local data for @types/opentype.js@https://registry.npmjs.org/@types/opentype.js/-/opentype.js-1.3.10.tgz. Extracting by manifest.
814 silly tarball no local data for @types/react@https://registry.npmjs.org/@types/react/-/react-18.3.31.tgz. Extracting by manifest.
815 silly tarball no local data for @types/node@https://registry.npmjs.org/@types/node/-/node-20.19.43.tgz. Extracting by manifest.
816 silly tarball no local data for opentype.js@https://registry.npmjs.org/opentype.js/-/opentype.js-1.3.4.tgz. Extracting by manifest.
817 silly tarball no local data for @dnd-kit/utilities@https://registry.npmjs.org/@dnd-kit/utilities/-/utilities-3.2.2.tgz. Extracting by manifest.
818 silly tarball no local data for react@https://registry.npmjs.org/react/-/react-18.3.1.tgz. Extracting by manifest.
819 silly tarball no local data for @dnd-kit/sortable@https://registry.npmjs.org/@dnd-kit/sortable/-/sortable-8.0.0.tgz. Extracting by manifest.
820 silly tarball no local data for @dnd-kit/core@https://registry.npmjs.org/@dnd-kit/core/-/core-6.3.1.tgz. Extracting by manifest.
821 silly tarball no local data for react-dom@https://registry.npmjs.org/react-dom/-/react-dom-18.3.1.tgz. Extracting by manifest.
822 http fetch GET 200 https://registry.npmjs.org/escalade/-/escalade-3.2.0.tgz 234ms (cache miss)
823 http fetch GET 200 https://registry.npmjs.org/use-sync-external-store/-/use-sync-external-store-1.6.0.tgz 246ms (cache miss)
824 http fetch GET 200 https://registry.npmjs.org/string.prototype.codepointat/-/string.prototype.codepointat-0.2.1.tgz 239ms (cache miss)
825 timing reifyNode:node_modules/string.prototype.codepointat Completed in 289ms
826 timing reifyNode:node_modules/escalade Completed in 292ms
827 http fetch GET 200 https://registry.npmjs.org/nanoid/-/nanoid-3.3.15.tgz 255ms (cache miss)
828 http fetch GET 200 https://registry.npmjs.org/loose-envify/-/loose-envify-1.4.0.tgz 250ms (cache miss)
829 timing reifyNode:node_modules/loose-envify Completed in 300ms
830 http fetch GET 200 https://registry.npmjs.org/yallist/-/yallist-3.1.1.tgz 249ms (cache miss)
831 timing reifyNode:node_modules/yallist Completed in 301ms
832 http fetch GET 200 https://registry.npmjs.org/update-browserslist-db/-/update-browserslist-db-1.2.3.tgz 249ms (cache miss)
833 timing reifyNode:node_modules/update-browserslist-db Completed in 301ms
834 http fetch GET 200 https://registry.npmjs.org/fsevents/-/fsevents-2.3.3.tgz 258ms (cache miss)
835 http fetch GET 200 https://registry.npmjs.org/esbuild/-/esbuild-0.21.5.tgz 256ms (cache miss)
836 http fetch GET 200 https://registry.npmjs.org/@types/estree/-/estree-1.0.9.tgz 263ms (cache miss)
837 timing reifyNode:node_modules/@types/estree Completed in 308ms
838 http fetch GET 200 https://registry.npmjs.org/tiny-inflate/-/tiny-inflate-1.0.3.tgz 255ms (cache miss)
839 timing reifyNode:node_modules/tiny-inflate Completed in 306ms
840 http fetch GET 200 https://registry.npmjs.org/node-releases/-/node-releases-2.0.48.tgz 262ms (cache miss)
841 timing reifyNode:node_modules/fsevents Completed in 325ms
842 timing reifyNode:node_modules/node-releases Completed in 326ms
843 timing reifyNode:node_modules/esbuild Completed in 342ms
844 http fetch GET 200 https://registry.npmjs.org/ms/-/ms-2.1.3.tgz 327ms (cache miss)
845 timing reifyNode:node_modules/ms Completed in 383ms
846 http fetch GET 200 https://registry.npmjs.org/@types/babel__traverse/-/babel__traverse-7.28.0.tgz 353ms (cache miss)
847 timing reifyNode:node_modules/@types/babel__traverse Completed in 409ms
848 timing reifyNode:node_modules/use-sync-external-store Completed in 427ms
849 http fetch GET 200 https://registry.npmjs.org/@types/babel__generator/-/babel__generator-7.27.0.tgz 419ms (cache miss)
850 timing reifyNode:node_modules/@types/babel__generator Completed in 478ms
851 http fetch GET 200 https://registry.npmjs.org/@jridgewell/resolve-uri/-/resolve-uri-3.1.2.tgz 420ms (cache miss)
852 timing reifyNode:node_modules/@jridgewell/resolve-uri Completed in 479ms
853 http fetch GET 200 https://registry.npmjs.org/@types/babel__template/-/babel__template-7.4.4.tgz 434ms (cache miss)
854 timing reifyNode:node_modules/@types/babel__template Completed in 491ms
855 http fetch GET 200 https://registry.npmjs.org/@babel/helper-string-parser/-/helper-string-parser-7.29.7.tgz 454ms (cache miss)
856 timing reifyNode:node_modules/@babel/helper-string-parser Completed in 513ms
857 http fetch GET 200 https://registry.npmjs.org/source-map-js/-/source-map-js-1.2.1.tgz 494ms (cache miss)
858 http fetch GET 200 https://registry.npmjs.org/electron-to-chromium/-/electron-to-chromium-1.5.377.tgz 485ms (cache miss)
859 timing reifyNode:node_modules/nanoid Completed in 551ms
860 http fetch GET 200 https://registry.npmjs.org/@babel/helper-plugin-utils/-/helper-plugin-utils-7.29.7.tgz 489ms (cache miss)
861 timing reifyNode:node_modules/@babel/helper-plugin-utils Completed in 550ms
862 http fetch GET 200 https://registry.npmjs.org/@babel/helper-globals/-/helper-globals-7.29.7.tgz 489ms (cache miss)
863 timing reifyNode:node_modules/@babel/helper-globals Completed in 551ms
864 http fetch GET 200 https://registry.npmjs.org/baseline-browser-mapping/-/baseline-browser-mapping-2.10.38.tgz 506ms (cache miss)
865 timing reifyNode:node_modules/source-map-js Completed in 569ms
866 timing reifyNode:node_modules/electron-to-chromium Completed in 569ms
867 http fetch GET 200 https://registry.npmjs.org/lru-cache/-/lru-cache-5.1.1.tgz 509ms (cache miss)
868 timing reifyNode:node_modules/lru-cache Completed in 574ms
869 http fetch GET 200 https://registry.npmjs.org/@babel/helper-module-imports/-/helper-module-imports-7.29.7.tgz 513ms (cache miss)
870 timing reifyNode:node_modules/baseline-browser-mapping Completed in 585ms
871 http fetch GET 200 https://registry.npmjs.org/browserslist/-/browserslist-4.28.4.tgz 523ms (cache miss)
872 http fetch GET 200 https://registry.npmjs.org/@babel/compat-data/-/compat-data-7.29.7.tgz 521ms (cache miss)
873 http fetch GET 200 https://registry.npmjs.org/semver/-/semver-6.3.1.tgz 516ms (cache miss)
874 timing reifyNode:node_modules/semver Completed in 586ms
875 http fetch GET 200 https://registry.npmjs.org/picocolors/-/picocolors-1.1.1.tgz 515ms (cache miss)
876 timing reifyNode:node_modules/picocolors Completed in 586ms
877 http fetch GET 200 https://registry.npmjs.org/convert-source-map/-/convert-source-map-2.0.0.tgz 511ms (cache miss)
878 timing reifyNode:node_modules/convert-source-map Completed in 587ms
879 timing reifyNode:node_modules/@babel/helper-module-imports Completed in 590ms
880 http fetch GET 200 https://registry.npmjs.org/jsesc/-/jsesc-3.1.0.tgz 524ms (cache miss)
881 timing reifyNode:node_modules/jsesc Completed in 590ms
882 http fetch GET 200 https://registry.npmjs.org/@babel/helper-validator-option/-/helper-validator-option-7.29.7.tgz 528ms (cache miss)
883 timing reifyNode:node_modules/@babel/helper-validator-option Completed in 591ms
884 http fetch GET 200 https://registry.npmjs.org/gensync/-/gensync-1.0.0-beta.2.tgz 518ms (cache miss)
885 timing reifyNode:node_modules/gensync Completed in 591ms
886 http fetch GET 200 https://registry.npmjs.org/js-tokens/-/js-tokens-4.0.0.tgz 517ms (cache miss)
887 timing reifyNode:node_modules/js-tokens Completed in 592ms
888 timing reifyNode:node_modules/browserslist Completed in 597ms
889 http fetch GET 200 https://registry.npmjs.org/@babel/helper-validator-identifier/-/helper-validator-identifier-7.29.7.tgz 526ms (cache miss)
890 timing reifyNode:node_modules/@babel/helper-validator-identifier Completed in 599ms
891 http fetch GET 200 https://registry.npmjs.org/scheduler/-/scheduler-0.23.2.tgz 546ms (cache miss)
892 http fetch GET 200 https://registry.npmjs.org/debug/-/debug-4.4.3.tgz 531ms (cache miss)
893 timing reifyNode:node_modules/debug Completed in 607ms
894 http fetch GET 200 https://registry.npmjs.org/@babel/helper-compilation-targets/-/helper-compilation-targets-7.29.7.tgz 536ms (cache miss)
895 http fetch GET 200 https://registry.npmjs.org/react-refresh/-/react-refresh-0.17.0.tgz 532ms (cache miss)
896 http fetch GET 200 https://registry.npmjs.org/@rolldown/pluginutils/-/pluginutils-1.0.0-beta.27.tgz 535ms (cache miss)
897 timing reifyNode:node_modules/@rolldown/pluginutils Completed in 616ms
898 timing reifyNode:node_modules/@babel/compat-data Completed in 623ms
899 timing reifyNode:node_modules/scheduler Completed in 629ms
900 http fetch GET 200 https://registry.npmjs.org/@babel/code-frame/-/code-frame-7.29.7.tgz 556ms (cache miss)
901 timing reifyNode:node_modules/@babel/code-frame Completed in 638ms
902 http fetch GET 200 https://registry.npmjs.org/@types/babel__core/-/babel__core-7.20.5.tgz 556ms (cache miss)
903 timing reifyNode:node_modules/@types/babel__core Completed in 639ms
904 http fetch GET 200 https://registry.npmjs.org/@types/prop-types/-/prop-types-15.7.15.tgz 556ms (cache miss)
905 timing reifyNode:node_modules/@types/prop-types Completed in 642ms
906 http fetch GET 200 https://registry.npmjs.org/@babel/plugin-transform-react-jsx-self/-/plugin-transform-react-jsx-self-7.29.7.tgz 549ms (cache miss)
907 timing reifyNode:node_modules/@babel/plugin-transform-react-jsx-self Completed in 643ms
908 http fetch GET 200 https://registry.npmjs.org/@dnd-kit/accessibility/-/accessibility-3.1.1.tgz 548ms (cache miss)
909 timing reifyNode:node_modules/react-refresh Completed in 649ms
910 http fetch GET 200 https://registry.npmjs.org/zundo/-/zundo-2.3.0.tgz 556ms (cache miss)
911 http fetch GET 200 https://registry.npmjs.org/@types/opentype.js/-/opentype.js-1.3.10.tgz 557ms (cache miss)
912 timing reifyNode:node_modules/@types/opentype.js Completed in 656ms
913 timing reifyNode:node_modules/zundo Completed in 661ms
914 http fetch GET 200 https://registry.npmjs.org/simplify-js/-/simplify-js-1.2.4.tgz 564ms (cache miss)
915 timing reifyNode:node_modules/simplify-js Completed in 662ms
916 http fetch GET 200 https://registry.npmjs.org/@types/react-dom/-/react-dom-18.3.7.tgz 565ms (cache miss)
917 timing reifyNode:node_modules/@types/react-dom Completed in 671ms
918 http fetch GET 200 https://registry.npmjs.org/@vitejs/plugin-react/-/plugin-react-4.7.0.tgz 574ms (cache miss)
919 timing reifyNode:node_modules/@babel/helper-compilation-targets Completed in 674ms
920 http fetch GET 200 https://registry.npmjs.org/tslib/-/tslib-2.8.1.tgz 590ms (cache miss)
921 timing reifyNode:node_modules/@vitejs/plugin-react Completed in 677ms
922 http fetch GET 200 https://registry.npmjs.org/@babel/template/-/template-7.29.7.tgz 610ms (cache miss)
923 timing reifyNode:node_modules/tslib Completed in 688ms
924 timing reifyNode:node_modules/@babel/template Completed in 700ms
925 http fetch GET 200 https://registry.npmjs.org/@jridgewell/sourcemap-codec/-/sourcemap-codec-1.5.5.tgz 642ms (cache miss)
926 http fetch GET 200 https://registry.npmjs.org/json5/-/json5-2.2.3.tgz 635ms (cache miss)
927 timing reifyNode:node_modules/@jridgewell/sourcemap-codec Completed in 715ms
928 http fetch GET 200 https://registry.npmjs.org/@babel/helper-module-transforms/-/helper-module-transforms-7.29.7.tgz 636ms (cache miss)
929 timing reifyNode:node_modules/json5 Completed in 719ms
930 timing reifyNode:node_modules/@dnd-kit/accessibility Completed in 721ms
931 http fetch GET 200 https://registry.npmjs.org/@jridgewell/remapping/-/remapping-2.3.5.tgz 650ms (cache miss)
932 timing reifyNode:node_modules/@babel/helper-module-transforms Completed in 725ms
933 http fetch GET 200 https://registry.npmjs.org/@babel/plugin-transform-react-jsx-source/-/plugin-transform-react-jsx-source-7.29.7.tgz 650ms (cache miss)
934 timing reifyNode:node_modules/@babel/plugin-transform-react-jsx-source Completed in 733ms
935 timing reifyNode:node_modules/@jridgewell/remapping Completed in 735ms
936 http fetch GET 200 https://registry.npmjs.org/@jridgewell/gen-mapping/-/gen-mapping-0.3.13.tgz 674ms (cache miss)
937 timing reifyNode:node_modules/@jridgewell/gen-mapping Completed in 750ms
938 http fetch GET 200 https://registry.npmjs.org/postcss/-/postcss-8.5.15.tgz 734ms (cache miss)
939 http fetch GET 200 https://registry.npmjs.org/undici-types/-/undici-types-6.21.0.tgz 697ms (cache miss)
940 timing reifyNode:node_modules/postcss Completed in 793ms
941 timing reifyNode:node_modules/undici-types Completed in 798ms
942 http fetch GET 200 https://registry.npmjs.org/@types/react/-/react-18.3.31.tgz 700ms (cache miss)
943 timing reifyNode:node_modules/@types/react Completed in 807ms
944 http fetch GET 200 https://registry.npmjs.org/react/-/react-18.3.1.tgz 708ms (cache miss)
945 http fetch GET 200 https://registry.npmjs.org/@jridgewell/trace-mapping/-/trace-mapping-0.3.31.tgz 751ms (cache miss)
946 timing reifyNode:node_modules/@jridgewell/trace-mapping Completed in 819ms
947 timing reifyNode:node_modules/react Completed in 821ms
948 http fetch GET 200 https://registry.npmjs.org/@dnd-kit/utilities/-/utilities-3.2.2.tgz 774ms (cache miss)
949 timing reifyNode:node_modules/@dnd-kit/utilities Completed in 887ms
950 http fetch GET 200 https://registry.npmjs.org/csstype/-/csstype-3.2.3.tgz 807ms (cache miss)
951 timing reifyNode:node_modules/csstype Completed in 897ms
952 http fetch GET 200 https://registry.npmjs.org/@dnd-kit/sortable/-/sortable-8.0.0.tgz 811ms (cache miss)
953 timing reifyNode:node_modules/@dnd-kit/sortable Completed in 921ms
954 http fetch GET 200 https://registry.npmjs.org/@babel/generator/-/generator-7.29.7.tgz 862ms (cache miss)
955 timing reifyNode:node_modules/@babel/generator Completed in 944ms
956 http fetch GET 200 https://registry.npmjs.org/@rollup/rollup-darwin-x64/-/rollup-darwin-x64-4.62.2.tgz 979ms (cache miss)
957 timing reifyNode:node_modules/@rollup/rollup-darwin-x64 Completed in 1026ms
958 http fetch GET 200 https://registry.npmjs.org/@babel/traverse/-/traverse-7.29.7.tgz 976ms (cache miss)
959 timing reifyNode:node_modules/@babel/traverse Completed in 1058ms
960 http fetch GET 200 https://registry.npmjs.org/@babel/parser/-/parser-7.29.7.tgz 986ms (cache miss)
961 timing reifyNode:node_modules/@babel/parser Completed in 1066ms
962 http fetch GET 200 https://registry.npmjs.org/zustand/-/zustand-4.5.7.tgz 1062ms (cache miss)
963 timing reifyNode:node_modules/zustand Completed in 1161ms
964 http fetch GET 200 https://registry.npmjs.org/rollup/-/rollup-4.62.2.tgz 1119ms (cache miss)
965 timing reifyNode:node_modules/rollup Completed in 1165ms
966 http fetch GET 200 https://registry.npmjs.org/@babel/core/-/core-7.29.7.tgz 1112ms (cache miss)
967 timing reifyNode:node_modules/@babel/core Completed in 1196ms
968 http fetch GET 200 https://registry.npmjs.org/vite/-/vite-5.4.21.tgz 1140ms (cache miss)
969 timing reifyNode:node_modules/vite Completed in 1238ms
970 http fetch GET 200 https://registry.npmjs.org/@types/node/-/node-20.19.43.tgz 1138ms (cache miss)
971 timing reifyNode:node_modules/@types/node Completed in 1242ms
972 http fetch GET 200 https://registry.npmjs.org/@dnd-kit/core/-/core-6.3.1.tgz 1157ms (cache miss)
973 timing reifyNode:node_modules/@dnd-kit/core Completed in 1267ms
974 http fetch GET 200 https://registry.npmjs.org/@babel/helpers/-/helpers-7.29.7.tgz 1194ms (cache miss)
975 timing reifyNode:node_modules/@babel/helpers Completed in 1272ms
976 http fetch GET 200 https://registry.npmjs.org/opentype.js/-/opentype.js-1.3.4.tgz 1194ms (cache miss)
977 timing reifyNode:node_modules/opentype.js Completed in 1296ms
978 http fetch GET 200 https://registry.npmjs.org/react-dom/-/react-dom-18.3.1.tgz 1205ms (cache miss)
979 timing reifyNode:node_modules/react-dom Completed in 1310ms
980 http fetch GET 200 https://registry.npmjs.org/@babel/types/-/types-7.29.7.tgz 1253ms (cache miss)
981 timing reifyNode:node_modules/@babel/types Completed in 1329ms
982 http fetch GET 200 https://registry.npmjs.org/@esbuild/darwin-x64/-/darwin-x64-0.21.5.tgz 1413ms (cache miss)
983 timing reifyNode:node_modules/@esbuild/darwin-x64 Completed in 1461ms
984 http fetch GET 200 https://registry.npmjs.org/zod/-/zod-3.25.76.tgz 1450ms (cache miss)
985 timing reifyNode:node_modules/zod Completed in 1547ms
986 http fetch GET 200 https://registry.npmjs.org/caniuse-lite/-/caniuse-lite-1.0.30001799.tgz 1499ms (cache miss)
987 timing reifyNode:node_modules/caniuse-lite Completed in 1554ms
988 http fetch GET 200 https://registry.npmjs.org/typescript/-/typescript-5.9.3.tgz 1551ms (cache miss)
989 timing reifyNode:node_modules/typescript Completed in 1647ms
990 timing reify:unpack Completed in 1652ms
991 timing reify:unretire Completed in 0ms
992 timing build:queue Completed in 3ms
993 timing build:link:node_modules/baseline-browser-mapping Completed in 7ms
994 timing build:link:node_modules/@babel/parser Completed in 8ms
995 timing build:link:node_modules/esbuild Completed in 8ms
996 timing build:link:node_modules/json5 Completed in 7ms
997 timing build:link:node_modules/loose-envify Completed in 7ms
998 timing build:link:node_modules/nanoid Completed in 7ms
999 timing build:link:node_modules/update-browserslist-db Completed in 7ms
1000 timing build:link:node_modules/jsesc Completed in 8ms
1001 timing build:link:node_modules/browserslist Completed in 8ms
1002 timing build:link:node_modules/opentype.js Completed in 7ms
1003 timing build:link:node_modules/rollup Completed in 7ms
1004 timing build:link:node_modules/typescript Completed in 7ms
1005 timing build:link:node_modules/semver Completed in 7ms
1006 timing build:link:node_modules/vite Completed in 7ms
1007 timing build:link Completed in 8ms
1008 info run esbuild@0.21.5 postinstall node_modules/esbuild node install.js
1009 info run esbuild@0.21.5 postinstall { code: 0, signal: null }
1010 timing build:run:postinstall:node_modules/esbuild Completed in 1445ms
1011 timing build:run:postinstall Completed in 1447ms
1012 timing build:deps Completed in 1459ms
1013 timing build Completed in 1460ms
1014 timing reify:build Completed in 1460ms
1015 timing reify:trash Completed in 5ms
1016 timing reify:save Completed in 31ms
1017 timing reify Completed in 6591ms
1018 silly ADD node_modules/use-sync-external-store
1019 silly ADD node_modules/@types/estree
1020 silly ADD
1021 silly ADD
1022 silly ADD
1023 silly ADD
1024 silly ADD
1025 silly ADD
1026 silly ADD
1027 silly ADD
1028 silly ADD
1029 silly ADD
1030 silly ADD
1031 silly ADD
1032 silly ADD
1033 silly ADD
1034 silly ADD
1035 silly ADD
1036 silly ADD
1037 silly ADD
1038 silly ADD
1039 silly ADD
1040 silly ADD
1041 silly ADD node_modules/@rollup/rollup-darwin-x64
1042 silly ADD
1043 silly ADD
1044 silly ADD
1045 silly ADD node_modules/source-map-js
1046 silly ADD node_modules/nanoid
1047 silly ADD
1048 silly ADD
1049 silly ADD
1050 silly ADD
1051 silly ADD
1052 silly ADD
1053 silly ADD
1054 silly ADD
1055 silly ADD
1056 silly ADD
1057 silly ADD
1058 silly ADD
1059 silly ADD
1060 silly ADD
1061 silly ADD
1062 silly ADD
1063 silly ADD
1064 silly ADD node_modules/@esbuild/darwin-x64
1065 silly ADD
1066 silly ADD
1067 silly ADD
1068 silly ADD
1069 silly ADD
1070 silly ADD node_modules/rollup
1071 silly ADD node_modules/postcss
1072 silly ADD node_modules/fsevents
1073 silly ADD node_modules/esbuild
1074 silly ADD node_modules/escalade
1075 silly ADD node_modules/scheduler
1076 silly ADD node_modules/loose-envify
1077 silly ADD node_modules/tiny-inflate
1078 silly ADD node_modules/string.prototype.codepointat
1079 silly ADD node_modules/yallist
1080 silly ADD node_modules/ms
1081 silly ADD node_modules/update-browserslist-db
1082 silly ADD node_modules/node-releases
1083 silly ADD node_modules/electron-to-chromium
1084 silly ADD node_modules/caniuse-lite
1085 silly ADD node_modules/baseline-browser-mapping
1086 silly ADD node_modules/@types/babel__traverse
1087 silly ADD node_modules/@types/babel__template
1088 silly ADD node_modules/@types/babel__generator
1089 silly ADD node_modules/@jridgewell/resolve-uri
1090 silly ADD node_modules/@jridgewell/sourcemap-codec
1091 silly ADD node_modules/@babel/helper-string-parser
1092 silly ADD node_modules/@babel/helper-globals
1093 silly ADD node_modules/@babel/helper-plugin-utils
1094 silly ADD node_modules/@babel/helper-module-imports
1095 silly ADD node_modules/lru-cache
1096 silly ADD node_modules/browserslist
1097 silly ADD node_modules/@babel/helper-validator-option
1098 silly ADD node_modules/@babel/compat-data
1099 silly ADD node_modules/jsesc
1100 silly ADD node_modules/@jridgewell/trace-mapping
1101 silly ADD node_modules/@jridgewell/gen-mapping
1102 silly ADD node_modules/picocolors
1103 silly ADD node_modules/js-tokens
1104 silly ADD node_modules/@babel/helper-validator-identifier
1105 silly ADD node_modules/semver
1106 silly ADD node_modules/json5
1107 silly ADD node_modules/gensync
1108 silly ADD node_modules/debug
1109 silly ADD node_modules/convert-source-map
1110 silly ADD node_modules/@jridgewell/remapping
1111 silly ADD node_modules/@babel/types
1112 silly ADD node_modules/@babel/traverse
1113 silly ADD node_modules/@babel/template
1114 silly ADD node_modules/@babel/parser
1115 silly ADD node_modules/@babel/helpers
1116 silly ADD node_modules/@babel/helper-module-transforms
1117 silly ADD node_modules/@babel/helper-compilation-targets
1118 silly ADD node_modules/@babel/generator
1119 silly ADD node_modules/@babel/code-frame
1120 silly ADD node_modules/react-refresh
1121 silly ADD node_modules/@types/babel__core
1122 silly ADD node_modules/@rolldown/pluginutils
1123 silly ADD node_modules/@babel/plugin-transform-react-jsx-source
1124 silly ADD node_modules/@babel/plugin-transform-react-jsx-self
1125 silly ADD node_modules/@babel/core
1126 silly ADD node_modules/csstype
1127 silly ADD node_modules/@types/prop-types
1128 silly ADD node_modules/undici-types
1129 silly ADD node_modules/tslib
1130 silly ADD node_modules/@dnd-kit/accessibility
1131 silly ADD node_modules/zustand
1132 silly ADD node_modules/zundo
1133 silly ADD node_modules/zod
1134 silly ADD node_modules/typescript
1135 silly ADD node_modules/simplify-js
1136 silly ADD node_modules/opentype.js
1137 silly ADD node_modules/vite
1138 silly ADD node_modules/@vitejs/plugin-react
1139 silly ADD node_modules/@types/react-dom
1140 silly ADD node_modules/@types/react
1141 silly ADD node_modules/@types/opentype.js
1142 silly ADD node_modules/@types/node
1143 silly ADD node_modules/@dnd-kit/utilities
1144 silly ADD node_modules/@dnd-kit/sortable
1145 silly ADD node_modules/react-dom
1146 silly ADD node_modules/react
1147 silly ADD node_modules/@dnd-kit/core
1148 timing command:install Completed in 6603ms
1149 notice
1149 notice New major version of npm available! 9.6.7 -> 11.17.0
1149 notice Changelog: <https://github.com/npm/cli/releases/tag/v11.17.0>
1149 notice Run `npm install -g npm@11.17.0` to update!
1149 notice
1150 verbose exit 0
1151 timing npm Completed in 6870ms
1152 info ok
